DEBUG - 2025-06-18 03:37:33 --> Session: Class initialized using 'CodeIgniter\Session\Handlers\FileHandler' driver.
DEBUG - 2025-06-18 03:40:48 --> Session: Class initialized using 'CodeIgniter\Session\Handlers\FileHandler' driver.
DEBUG - 2025-06-18 03:52:59 --> Session: Class initialized using 'CodeIgniter\Session\Handlers\FileHandler' driver.
DEBUG - 2025-06-18 04:15:13 --> Session: Class initialized using 'CodeIgniter\Session\Handlers\FileHandler' driver.
DEBUG - 2025-06-18 04:16:11 --> Session: Class initialized using 'CodeIgniter\Session\Handlers\FileHandler' driver.
DEBUG - 2025-06-18 04:18:50 --> Session: Class initialized using 'CodeIgniter\Session\Handlers\FileHandler' driver.
DEBUG - 2025-06-18 04:19:10 --> Session: Class initialized using 'CodeIgniter\Session\Handlers\FileHandler' driver.
DEBUG - 2025-06-18 04:34:57 --> Session: Class initialized using 'CodeIgniter\Session\Handlers\FileHandler' driver.
DEBUG - 2025-06-18 05:13:24 --> Session: Class initialized using 'CodeIgniter\Session\Handlers\FileHandler' driver.
DEBUG - 2025-06-18 05:15:34 --> Session: Class initialized using 'CodeIgniter\Session\Handlers\FileHandler' driver.
DEBUG - 2025-06-18 05:24:16 --> Session: Class initialized using 'CodeIgniter\Session\Handlers\FileHandler' driver.
DEBUG - 2025-06-18 05:28:50 --> Session: Class initialized using 'CodeIgniter\Session\Handlers\FileHandler' driver.
DEBUG - 2025-06-18 05:28:55 --> Session: Class initialized using 'CodeIgniter\Session\Handlers\FileHandler' driver.
ERROR - 2025-06-18 05:31:47 --> mysqli_sql_exception: You have an error in your SQL syntax; check the manual that corresponds to your MySQL server version for the right syntax to use near '`notulis`, `created_at`, `updated_at`) VALUES ('1', NULL, 'null', NULL, NULL, '2' at line 1 in C:\laragonnew\www\minuts-meeting\system\Database\MySQLi\Connection.php:327
Stack trace:
#0 C:\laragonnew\www\minuts-meeting\system\Database\MySQLi\Connection.php(327): mysqli->query('INSERT INTO `di...', 0)
#1 C:\laragonnew\www\minuts-meeting\system\Database\BaseConnection.php(738): CodeIgniter\Database\MySQLi\Connection->execute('INSERT INTO `di...')
#2 C:\laragonnew\www\minuts-meeting\system\Database\BaseConnection.php(652): CodeIgniter\Database\BaseConnection->simpleQuery('INSERT INTO `di...')
#3 C:\laragonnew\www\minuts-meeting\system\Database\BaseBuilder.php(2345): CodeIgniter\Database\BaseConnection->query('INSERT INTO `di...', Array, false)
#4 C:\laragonnew\www\minuts-meeting\system\Model.php(394): CodeIgniter\Database\BaseBuilder->insert()
#5 C:\laragonnew\www\minuts-meeting\system\BaseModel.php(843): CodeIgniter\Model->doInsert(Array)
#6 C:\laragonnew\www\minuts-meeting\system\Model.php(800): CodeIgniter\BaseModel->insert(Array, false)
#7 C:\laragonnew\www\minuts-meeting\system\BaseModel.php(754): CodeIgniter\Model->insert(Array, false)
#8 C:\laragonnew\www\minuts-meeting\app\Controllers\DiscussionController.php(32): CodeIgniter\BaseModel->save(Array)
#9 C:\laragonnew\www\minuts-meeting\system\CodeIgniter.php(933): App\Controllers\DiscussionController->save()
#10 C:\laragonnew\www\minuts-meeting\system\CodeIgniter.php(507): CodeIgniter\CodeIgniter->runController(Object(App\Controllers\DiscussionController))
#11 C:\laragonnew\www\minuts-meeting\system\CodeIgniter.php(354): CodeIgniter\CodeIgniter->handleRequest(NULL, Object(Config\Cache), false)
#12 C:\laragonnew\www\minuts-meeting\system\Boot.php(334): CodeIgniter\CodeIgniter->run()
#13 C:\laragonnew\www\minuts-meeting\system\Boot.php(67): CodeIgniter\Boot::runCodeIgniter(Object(CodeIgniter\CodeIgniter))
#14 C:\laragonnew\www\minuts-meeting\public\index.php(62): CodeIgniter\Boot::bootWeb(Object(Config\Paths))
#15 C:\laragonnew\www\minuts-meeting\system\rewrite.php(44): require_once('C:\\laragonnew\\w...')
#16 {main}
CRITICAL - 2025-06-18 05:31:47 --> CodeIgniter\Database\Exceptions\DatabaseException: You have an error in your SQL syntax; check the manual that corresponds to your MySQL server version for the right syntax to use near '`notulis`, `created_at`, `updated_at`) VALUES ('1', NULL, 'null', NULL, NULL, '2' at line 1
[Method: POST, Route: discussion/save]
in SYSTEMPATH\Database\BaseConnection.php on line 692.
 1 SYSTEMPATH\Database\BaseBuilder.php(2345): CodeIgniter\Database\BaseConnection->query('INSERT INTO `discussions` (`meeting_id`, `topik`, `pembahasan`, `tanggal`, `nama` `notulis`, `created_at`, `updated_at`) VALUES (:meeting_id:, :topik:, :pembahasan:, :tanggal:, :nama notulis:, :created_at:, :updated_at:)', [...], false)
 2 SYSTEMPATH\Model.php(394): CodeIgniter\Database\BaseBuilder->insert()
 3 SYSTEMPATH\BaseModel.php(843): CodeIgniter\Model->doInsert([...])
 4 SYSTEMPATH\Model.php(800): CodeIgniter\BaseModel->insert([...], false)
 5 SYSTEMPATH\BaseModel.php(754): CodeIgniter\Model->insert([...], false)
 6 APPPATH\Controllers\DiscussionController.php(32): CodeIgniter\BaseModel->save([...])
 7 SYSTEMPATH\CodeIgniter.php(933): App\Controllers\DiscussionController->save()
 8 SYSTEMPATH\CodeIgniter.php(507): CodeIgniter\CodeIgniter->runController(Object(App\Controllers\DiscussionController))
 9 SYSTEMPATH\CodeIgniter.php(354): CodeIgniter\CodeIgniter->handleRequest(null, Object(Config\Cache), false)
10 SYSTEMPATH\Boot.php(334): CodeIgniter\CodeIgniter->run()
11 SYSTEMPATH\Boot.php(67): CodeIgniter\Boot::runCodeIgniter(Object(CodeIgniter\CodeIgniter))
12 FCPATH\index.php(62): CodeIgniter\Boot::bootWeb(Object(Config\Paths))
13 SYSTEMPATH\rewrite.php(44): require_once('C:\\laragonnew\\www\\minuts-meeting\\public\\index.php')
CRITICAL - 2025-06-18 05:31:47 --> [Caused by] CodeIgniter\Database\Exceptions\DatabaseException: You have an error in your SQL syntax; check the manual that corresponds to your MySQL server version for the right syntax to use near '`notulis`, `created_at`, `updated_at`) VALUES ('1', NULL, 'null', NULL, NULL, '2' at line 1
in SYSTEMPATH\Database\MySQLi\Connection.php on line 332.
 1 SYSTEMPATH\Database\BaseConnection.php(738): CodeIgniter\Database\MySQLi\Connection->execute('INSERT INTO `discussions` (`meeting_id`, `topik`, `pembahasan`, `tanggal`, `nama` `notulis`, `created_at`, `updated_at`) VALUES (\'1\', NULL, \'null\', NULL, NULL, \'2025-06-18 05:31:47\', \'2025-06-18 05:31:47\')')
 2 SYSTEMPATH\Database\BaseConnection.php(652): CodeIgniter\Database\BaseConnection->simpleQuery('INSERT INTO `discussions` (`meeting_id`, `topik`, `pembahasan`, `tanggal`, `nama` `notulis`, `created_at`, `updated_at`) VALUES (\'1\', NULL, \'null\', NULL, NULL, \'2025-06-18 05:31:47\', \'2025-06-18 05:31:47\')')
 3 SYSTEMPATH\Database\BaseBuilder.php(2345): CodeIgniter\Database\BaseConnection->query('INSERT INTO `discussions` (`meeting_id`, `topik`, `pembahasan`, `tanggal`, `nama` `notulis`, `created_at`, `updated_at`) VALUES (:meeting_id:, :topik:, :pembahasan:, :tanggal:, :nama notulis:, :created_at:, :updated_at:)', [...], false)
 4 SYSTEMPATH\Model.php(394): CodeIgniter\Database\BaseBuilder->insert()
 5 SYSTEMPATH\BaseModel.php(843): CodeIgniter\Model->doInsert([...])
 6 SYSTEMPATH\Model.php(800): CodeIgniter\BaseModel->insert([...], false)
 7 SYSTEMPATH\BaseModel.php(754): CodeIgniter\Model->insert([...], false)
 8 APPPATH\Controllers\DiscussionController.php(32): CodeIgniter\BaseModel->save([...])
 9 SYSTEMPATH\CodeIgniter.php(933): App\Controllers\DiscussionController->save()
10 SYSTEMPATH\CodeIgniter.php(507): CodeIgniter\CodeIgniter->runController(Object(App\Controllers\DiscussionController))
11 SYSTEMPATH\CodeIgniter.php(354): CodeIgniter\CodeIgniter->handleRequest(null, Object(Config\Cache), false)
12 SYSTEMPATH\Boot.php(334): CodeIgniter\CodeIgniter->run()
13 SYSTEMPATH\Boot.php(67): CodeIgniter\Boot::runCodeIgniter(Object(CodeIgniter\CodeIgniter))
14 FCPATH\index.php(62): CodeIgniter\Boot::bootWeb(Object(Config\Paths))
15 SYSTEMPATH\rewrite.php(44): require_once('C:\\laragonnew\\www\\minuts-meeting\\public\\index.php')
CRITICAL - 2025-06-18 05:31:47 --> [Caused by] mysqli_sql_exception: You have an error in your SQL syntax; check the manual that corresponds to your MySQL server version for the right syntax to use near '`notulis`, `created_at`, `updated_at`) VALUES ('1', NULL, 'null', NULL, NULL, '2' at line 1
in SYSTEMPATH\Database\MySQLi\Connection.php on line 327.
 1 SYSTEMPATH\Database\MySQLi\Connection.php(327): mysqli->query('INSERT INTO `discussions` (`meeting_id`, `topik`, `pembahasan`, `tanggal`, `nama` `notulis`, `created_at`, `updated_at`) VALUES (\'1\', NULL, \'null\', NULL, NULL, \'2025-06-18 05:31:47\', \'2025-06-18 05:31:47\')', 0)
 2 SYSTEMPATH\Database\BaseConnection.php(738): CodeIgniter\Database\MySQLi\Connection->execute('INSERT INTO `discussions` (`meeting_id`, `topik`, `pembahasan`, `tanggal`, `nama` `notulis`, `created_at`, `updated_at`) VALUES (\'1\', NULL, \'null\', NULL, NULL, \'2025-06-18 05:31:47\', \'2025-06-18 05:31:47\')')
 3 SYSTEMPATH\Database\BaseConnection.php(652): CodeIgniter\Database\BaseConnection->simpleQuery('INSERT INTO `discussions` (`meeting_id`, `topik`, `pembahasan`, `tanggal`, `nama` `notulis`, `created_at`, `updated_at`) VALUES (\'1\', NULL, \'null\', NULL, NULL, \'2025-06-18 05:31:47\', \'2025-06-18 05:31:47\')')
 4 SYSTEMPATH\Database\BaseBuilder.php(2345): CodeIgniter\Database\BaseConnection->query('INSERT INTO `discussions` (`meeting_id`, `topik`, `pembahasan`, `tanggal`, `nama` `notulis`, `created_at`, `updated_at`) VALUES (:meeting_id:, :topik:, :pembahasan:, :tanggal:, :nama notulis:, :created_at:, :updated_at:)', [...], false)
 5 SYSTEMPATH\Model.php(394): CodeIgniter\Database\BaseBuilder->insert()
 6 SYSTEMPATH\BaseModel.php(843): CodeIgniter\Model->doInsert([...])
 7 SYSTEMPATH\Model.php(800): CodeIgniter\BaseModel->insert([...], false)
 8 SYSTEMPATH\BaseModel.php(754): CodeIgniter\Model->insert([...], false)
 9 APPPATH\Controllers\DiscussionController.php(32): CodeIgniter\BaseModel->save([...])
10 SYSTEMPATH\CodeIgniter.php(933): App\Controllers\DiscussionController->save()
11 SYSTEMPATH\CodeIgniter.php(507): CodeIgniter\CodeIgniter->runController(Object(App\Controllers\DiscussionController))
12 SYSTEMPATH\CodeIgniter.php(354): CodeIgniter\CodeIgniter->handleRequest(null, Object(Config\Cache), false)
13 SYSTEMPATH\Boot.php(334): CodeIgniter\CodeIgniter->run()
14 SYSTEMPATH\Boot.php(67): CodeIgniter\Boot::runCodeIgniter(Object(CodeIgniter\CodeIgniter))
15 FCPATH\index.php(62): CodeIgniter\Boot::bootWeb(Object(Config\Paths))
16 SYSTEMPATH\rewrite.php(44): require_once('C:\\laragonnew\\www\\minuts-meeting\\public\\index.php')
DEBUG - 2025-06-18 06:35:31 --> Session: Class initialized using 'CodeIgniter\Session\Handlers\FileHandler' driver.
DEBUG - 2025-06-18 08:26:15 --> Session: Class initialized using 'CodeIgniter\Session\Handlers\FileHandler' driver.
DEBUG - 2025-06-18 08:26:20 --> Session: Class initialized using 'CodeIgniter\Session\Handlers\FileHandler' driver.
DEBUG - 2025-06-18 08:31:13 --> Session: Class initialized using 'CodeIgniter\Session\Handlers\FileHandler' driver.
DEBUG - 2025-06-18 08:31:19 --> Session: Class initialized using 'CodeIgniter\Session\Handlers\FileHandler' driver.
DEBUG - 2025-06-18 08:31:23 --> Session: Class initialized using 'CodeIgniter\Session\Handlers\FileHandler' driver.
DEBUG - 2025-06-18 08:42:40 --> Session: Class initialized using 'CodeIgniter\Session\Handlers\FileHandler' driver.
