DEBUG - 2025-06-13 02:37:36 --> Session: Class initialized using 'CodeIgniter\Session\Handlers\FileHandler' driver.
DEBUG - 2025-06-13 02:37:36 --> Session: Class initialized using 'CodeIgniter\Session\Handlers\FileHandler' driver.
DEBUG - 2025-06-13 02:52:55 --> Session: Class initialized using 'CodeIgniter\Session\Handlers\FileHandler' driver.
DEBUG - 2025-06-13 02:52:55 --> Session: Class initialized using 'CodeIgniter\Session\Handlers\FileHandler' driver.
DEBUG - 2025-06-13 03:12:01 --> Session: Class initialized using 'CodeIgniter\Session\Handlers\FileHandler' driver.
DEBUG - 2025-06-13 03:12:07 --> Session: Class initialized using 'CodeIgniter\Session\Handlers\FileHandler' driver.
DEBUG - 2025-06-13 03:17:04 --> Session: Class initialized using 'CodeIgniter\Session\Handlers\FileHandler' driver.
DEBUG - 2025-06-13 03:17:13 --> Session: Class initialized using 'CodeIgniter\Session\Handlers\FileHandler' driver.
DEBUG - 2025-06-13 03:39:19 --> Session: Class initialized using 'CodeIgniter\Session\Handlers\FileHandler' driver.
DEBUG - 2025-06-13 03:46:44 --> Session: Class initialized using 'CodeIgniter\Session\Handlers\FileHandler' driver.
DEBUG - 2025-06-13 03:50:09 --> Session: Class initialized using 'CodeIgniter\Session\Handlers\FileHandler' driver.
DEBUG - 2025-06-13 04:00:21 --> Session: Class initialized using 'CodeIgniter\Session\Handlers\FileHandler' driver.
DEBUG - 2025-06-13 04:01:53 --> Session: Class initialized using 'CodeIgniter\Session\Handlers\FileHandler' driver.
DEBUG - 2025-06-13 04:21:56 --> Session: Class initialized using 'CodeIgniter\Session\Handlers\FileHandler' driver.
DEBUG - 2025-06-13 04:22:26 --> Session: Class initialized using 'CodeIgniter\Session\Handlers\FileHandler' driver.
DEBUG - 2025-06-13 04:31:41 --> Session: Class initialized using 'CodeIgniter\Session\Handlers\FileHandler' driver.
DEBUG - 2025-06-13 04:49:19 --> Session: Class initialized using 'CodeIgniter\Session\Handlers\FileHandler' driver.
DEBUG - 2025-06-13 04:49:28 --> Session: Class initialized using 'CodeIgniter\Session\Handlers\FileHandler' driver.
DEBUG - 2025-06-13 04:49:41 --> Session: Class initialized using 'CodeIgniter\Session\Handlers\FileHandler' driver.
DEBUG - 2025-06-13 06:07:01 --> Session: Class initialized using 'CodeIgniter\Session\Handlers\FileHandler' driver.
CRITICAL - 2025-06-13 07:51:17 --> ErrorException: Undefined variable $meetings
[Method: GET, Route: partials/meeting-content]
in APPPATH\Views\partials\meeting-content.php on line 16.
 1 APPPATH\Views\partials\meeting-content.php(16): CodeIgniter\Debug\Exceptions->errorHandler(2, 'Undefined variable $meetings', 'C:\\laragonnew\\www\\minuts-meeting\\app\\Views\\partials\\meeting-content.php', 16)
 2 SYSTEMPATH\View\View.php(224): include('C:\\laragonnew\\www\\minuts-meeting\\app\\Views\\partials\\meeting-content.php')
 3 SYSTEMPATH\View\View.php(227): CodeIgniter\View\View->CodeIgniter\View\{closure}()
 4 SYSTEMPATH\Common.php(1173): CodeIgniter\View\View->render('partials/meeting-content', [], true)
 5 APPPATH\Controllers\PartialController.php(16): view('partials/meeting-content')
 6 SYSTEMPATH\CodeIgniter.php(933): App\Controllers\PartialController->meeting()
 7 SYSTEMPATH\CodeIgniter.php(507): CodeIgniter\CodeIgniter->runController(Object(App\Controllers\PartialController))
 8 SYSTEMPATH\CodeIgniter.php(354): CodeIgniter\CodeIgniter->handleRequest(null, Object(Config\Cache), false)
 9 SYSTEMPATH\Boot.php(334): CodeIgniter\CodeIgniter->run()
10 SYSTEMPATH\Boot.php(67): CodeIgniter\Boot::runCodeIgniter(Object(CodeIgniter\CodeIgniter))
11 FCPATH\index.php(62): CodeIgniter\Boot::bootWeb(Object(Config\Paths))
12 SYSTEMPATH\rewrite.php(44): require_once('C:\\laragonnew\\www\\minuts-meeting\\public\\index.php')
CRITICAL - 2025-06-13 07:51:19 --> ErrorException: Undefined variable $meetings
[Method: GET, Route: partials/meeting-content]
in APPPATH\Views\partials\meeting-content.php on line 16.
 1 APPPATH\Views\partials\meeting-content.php(16): CodeIgniter\Debug\Exceptions->errorHandler(2, 'Undefined variable $meetings', 'C:\\laragonnew\\www\\minuts-meeting\\app\\Views\\partials\\meeting-content.php', 16)
 2 SYSTEMPATH\View\View.php(224): include('C:\\laragonnew\\www\\minuts-meeting\\app\\Views\\partials\\meeting-content.php')
 3 SYSTEMPATH\View\View.php(227): CodeIgniter\View\View->CodeIgniter\View\{closure}()
 4 SYSTEMPATH\Common.php(1173): CodeIgniter\View\View->render('partials/meeting-content', [], true)
 5 APPPATH\Controllers\PartialController.php(16): view('partials/meeting-content')
 6 SYSTEMPATH\CodeIgniter.php(933): App\Controllers\PartialController->meeting()
 7 SYSTEMPATH\CodeIgniter.php(507): CodeIgniter\CodeIgniter->runController(Object(App\Controllers\PartialController))
 8 SYSTEMPATH\CodeIgniter.php(354): CodeIgniter\CodeIgniter->handleRequest(null, Object(Config\Cache), false)
 9 SYSTEMPATH\Boot.php(334): CodeIgniter\CodeIgniter->run()
10 SYSTEMPATH\Boot.php(67): CodeIgniter\Boot::runCodeIgniter(Object(CodeIgniter\CodeIgniter))
11 FCPATH\index.php(62): CodeIgniter\Boot::bootWeb(Object(Config\Paths))
12 SYSTEMPATH\rewrite.php(44): require_once('C:\\laragonnew\\www\\minuts-meeting\\public\\index.php')
CRITICAL - 2025-06-13 07:51:21 --> ErrorException: Undefined variable $meetings
[Method: GET, Route: partials/meeting-content]
in APPPATH\Views\partials\meeting-content.php on line 16.
 1 APPPATH\Views\partials\meeting-content.php(16): CodeIgniter\Debug\Exceptions->errorHandler(2, 'Undefined variable $meetings', 'C:\\laragonnew\\www\\minuts-meeting\\app\\Views\\partials\\meeting-content.php', 16)
 2 SYSTEMPATH\View\View.php(224): include('C:\\laragonnew\\www\\minuts-meeting\\app\\Views\\partials\\meeting-content.php')
 3 SYSTEMPATH\View\View.php(227): CodeIgniter\View\View->CodeIgniter\View\{closure}()
 4 SYSTEMPATH\Common.php(1173): CodeIgniter\View\View->render('partials/meeting-content', [], true)
 5 APPPATH\Controllers\PartialController.php(16): view('partials/meeting-content')
 6 SYSTEMPATH\CodeIgniter.php(933): App\Controllers\PartialController->meeting()
 7 SYSTEMPATH\CodeIgniter.php(507): CodeIgniter\CodeIgniter->runController(Object(App\Controllers\PartialController))
 8 SYSTEMPATH\CodeIgniter.php(354): CodeIgniter\CodeIgniter->handleRequest(null, Object(Config\Cache), false)
 9 SYSTEMPATH\Boot.php(334): CodeIgniter\CodeIgniter->run()
10 SYSTEMPATH\Boot.php(67): CodeIgniter\Boot::runCodeIgniter(Object(CodeIgniter\CodeIgniter))
11 FCPATH\index.php(62): CodeIgniter\Boot::bootWeb(Object(Config\Paths))
12 SYSTEMPATH\rewrite.php(44): require_once('C:\\laragonnew\\www\\minuts-meeting\\public\\index.php')
CRITICAL - 2025-06-13 07:51:31 --> ErrorException: Undefined variable $meetings
[Method: GET, Route: partials/meeting-content]
in APPPATH\Views\partials\meeting-content.php on line 16.
 1 APPPATH\Views\partials\meeting-content.php(16): CodeIgniter\Debug\Exceptions->errorHandler(2, 'Undefined variable $meetings', 'C:\\laragonnew\\www\\minuts-meeting\\app\\Views\\partials\\meeting-content.php', 16)
 2 SYSTEMPATH\View\View.php(224): include('C:\\laragonnew\\www\\minuts-meeting\\app\\Views\\partials\\meeting-content.php')
 3 SYSTEMPATH\View\View.php(227): CodeIgniter\View\View->CodeIgniter\View\{closure}()
 4 SYSTEMPATH\Common.php(1173): CodeIgniter\View\View->render('partials/meeting-content', [], true)
 5 APPPATH\Controllers\PartialController.php(16): view('partials/meeting-content')
 6 SYSTEMPATH\CodeIgniter.php(933): App\Controllers\PartialController->meeting()
 7 SYSTEMPATH\CodeIgniter.php(507): CodeIgniter\CodeIgniter->runController(Object(App\Controllers\PartialController))
 8 SYSTEMPATH\CodeIgniter.php(354): CodeIgniter\CodeIgniter->handleRequest(null, Object(Config\Cache), false)
 9 SYSTEMPATH\Boot.php(334): CodeIgniter\CodeIgniter->run()
10 SYSTEMPATH\Boot.php(67): CodeIgniter\Boot::runCodeIgniter(Object(CodeIgniter\CodeIgniter))
11 FCPATH\index.php(62): CodeIgniter\Boot::bootWeb(Object(Config\Paths))
12 SYSTEMPATH\rewrite.php(44): require_once('C:\\laragonnew\\www\\minuts-meeting\\public\\index.php')
CRITICAL - 2025-06-13 07:51:37 --> ErrorException: Undefined variable $meetings
[Method: GET, Route: partials/meeting-content]
in APPPATH\Views\partials\meeting-content.php on line 16.
 1 APPPATH\Views\partials\meeting-content.php(16): CodeIgniter\Debug\Exceptions->errorHandler(2, 'Undefined variable $meetings', 'C:\\laragonnew\\www\\minuts-meeting\\app\\Views\\partials\\meeting-content.php', 16)
 2 SYSTEMPATH\View\View.php(224): include('C:\\laragonnew\\www\\minuts-meeting\\app\\Views\\partials\\meeting-content.php')
 3 SYSTEMPATH\View\View.php(227): CodeIgniter\View\View->CodeIgniter\View\{closure}()
 4 SYSTEMPATH\Common.php(1173): CodeIgniter\View\View->render('partials/meeting-content', [], true)
 5 APPPATH\Controllers\PartialController.php(16): view('partials/meeting-content')
 6 SYSTEMPATH\CodeIgniter.php(933): App\Controllers\PartialController->meeting()
 7 SYSTEMPATH\CodeIgniter.php(507): CodeIgniter\CodeIgniter->runController(Object(App\Controllers\PartialController))
 8 SYSTEMPATH\CodeIgniter.php(354): CodeIgniter\CodeIgniter->handleRequest(null, Object(Config\Cache), false)
 9 SYSTEMPATH\Boot.php(334): CodeIgniter\CodeIgniter->run()
10 SYSTEMPATH\Boot.php(67): CodeIgniter\Boot::runCodeIgniter(Object(CodeIgniter\CodeIgniter))
11 FCPATH\index.php(62): CodeIgniter\Boot::bootWeb(Object(Config\Paths))
12 SYSTEMPATH\rewrite.php(44): require_once('C:\\laragonnew\\www\\minuts-meeting\\public\\index.php')
CRITICAL - 2025-06-13 07:51:47 --> ErrorException: Undefined variable $meetings
[Method: GET, Route: partials/meeting-content]
in APPPATH\Views\partials\meeting-content.php on line 16.
 1 APPPATH\Views\partials\meeting-content.php(16): CodeIgniter\Debug\Exceptions->errorHandler(2, 'Undefined variable $meetings', 'C:\\laragonnew\\www\\minuts-meeting\\app\\Views\\partials\\meeting-content.php', 16)
 2 SYSTEMPATH\View\View.php(224): include('C:\\laragonnew\\www\\minuts-meeting\\app\\Views\\partials\\meeting-content.php')
 3 SYSTEMPATH\View\View.php(227): CodeIgniter\View\View->CodeIgniter\View\{closure}()
 4 SYSTEMPATH\Common.php(1173): CodeIgniter\View\View->render('partials/meeting-content', [], true)
 5 APPPATH\Controllers\PartialController.php(16): view('partials/meeting-content')
 6 SYSTEMPATH\CodeIgniter.php(933): App\Controllers\PartialController->meeting()
 7 SYSTEMPATH\CodeIgniter.php(507): CodeIgniter\CodeIgniter->runController(Object(App\Controllers\PartialController))
 8 SYSTEMPATH\CodeIgniter.php(354): CodeIgniter\CodeIgniter->handleRequest(null, Object(Config\Cache), false)
 9 SYSTEMPATH\Boot.php(334): CodeIgniter\CodeIgniter->run()
10 SYSTEMPATH\Boot.php(67): CodeIgniter\Boot::runCodeIgniter(Object(CodeIgniter\CodeIgniter))
11 FCPATH\index.php(62): CodeIgniter\Boot::bootWeb(Object(Config\Paths))
12 SYSTEMPATH\rewrite.php(44): require_once('C:\\laragonnew\\www\\minuts-meeting\\public\\index.php')
CRITICAL - 2025-06-13 07:51:58 --> ErrorException: Undefined variable $meetings
[Method: GET, Route: partials/meeting-content]
in APPPATH\Views\partials\meeting-content.php on line 16.
 1 APPPATH\Views\partials\meeting-content.php(16): CodeIgniter\Debug\Exceptions->errorHandler(2, 'Undefined variable $meetings', 'C:\\laragonnew\\www\\minuts-meeting\\app\\Views\\partials\\meeting-content.php', 16)
 2 SYSTEMPATH\View\View.php(224): include('C:\\laragonnew\\www\\minuts-meeting\\app\\Views\\partials\\meeting-content.php')
 3 SYSTEMPATH\View\View.php(227): CodeIgniter\View\View->CodeIgniter\View\{closure}()
 4 SYSTEMPATH\Common.php(1173): CodeIgniter\View\View->render('partials/meeting-content', [], true)
 5 APPPATH\Controllers\PartialController.php(16): view('partials/meeting-content')
 6 SYSTEMPATH\CodeIgniter.php(933): App\Controllers\PartialController->meeting()
 7 SYSTEMPATH\CodeIgniter.php(507): CodeIgniter\CodeIgniter->runController(Object(App\Controllers\PartialController))
 8 SYSTEMPATH\CodeIgniter.php(354): CodeIgniter\CodeIgniter->handleRequest(null, Object(Config\Cache), false)
 9 SYSTEMPATH\Boot.php(334): CodeIgniter\CodeIgniter->run()
10 SYSTEMPATH\Boot.php(67): CodeIgniter\Boot::runCodeIgniter(Object(CodeIgniter\CodeIgniter))
11 FCPATH\index.php(62): CodeIgniter\Boot::bootWeb(Object(Config\Paths))
12 SYSTEMPATH\rewrite.php(44): require_once('C:\\laragonnew\\www\\minuts-meeting\\public\\index.php')
CRITICAL - 2025-06-13 07:51:59 --> ErrorException: Undefined variable $meetings
[Method: GET, Route: partials/meeting-content]
in APPPATH\Views\partials\meeting-content.php on line 16.
 1 APPPATH\Views\partials\meeting-content.php(16): CodeIgniter\Debug\Exceptions->errorHandler(2, 'Undefined variable $meetings', 'C:\\laragonnew\\www\\minuts-meeting\\app\\Views\\partials\\meeting-content.php', 16)
 2 SYSTEMPATH\View\View.php(224): include('C:\\laragonnew\\www\\minuts-meeting\\app\\Views\\partials\\meeting-content.php')
 3 SYSTEMPATH\View\View.php(227): CodeIgniter\View\View->CodeIgniter\View\{closure}()
 4 SYSTEMPATH\Common.php(1173): CodeIgniter\View\View->render('partials/meeting-content', [], true)
 5 APPPATH\Controllers\PartialController.php(16): view('partials/meeting-content')
 6 SYSTEMPATH\CodeIgniter.php(933): App\Controllers\PartialController->meeting()
 7 SYSTEMPATH\CodeIgniter.php(507): CodeIgniter\CodeIgniter->runController(Object(App\Controllers\PartialController))
 8 SYSTEMPATH\CodeIgniter.php(354): CodeIgniter\CodeIgniter->handleRequest(null, Object(Config\Cache), false)
 9 SYSTEMPATH\Boot.php(334): CodeIgniter\CodeIgniter->run()
10 SYSTEMPATH\Boot.php(67): CodeIgniter\Boot::runCodeIgniter(Object(CodeIgniter\CodeIgniter))
11 FCPATH\index.php(62): CodeIgniter\Boot::bootWeb(Object(Config\Paths))
12 SYSTEMPATH\rewrite.php(44): require_once('C:\\laragonnew\\www\\minuts-meeting\\public\\index.php')
CRITICAL - 2025-06-13 07:51:59 --> ErrorException: Undefined variable $meetings
[Method: GET, Route: partials/meeting-content]
in APPPATH\Views\partials\meeting-content.php on line 16.
 1 APPPATH\Views\partials\meeting-content.php(16): CodeIgniter\Debug\Exceptions->errorHandler(2, 'Undefined variable $meetings', 'C:\\laragonnew\\www\\minuts-meeting\\app\\Views\\partials\\meeting-content.php', 16)
 2 SYSTEMPATH\View\View.php(224): include('C:\\laragonnew\\www\\minuts-meeting\\app\\Views\\partials\\meeting-content.php')
 3 SYSTEMPATH\View\View.php(227): CodeIgniter\View\View->CodeIgniter\View\{closure}()
 4 SYSTEMPATH\Common.php(1173): CodeIgniter\View\View->render('partials/meeting-content', [], true)
 5 APPPATH\Controllers\PartialController.php(16): view('partials/meeting-content')
 6 SYSTEMPATH\CodeIgniter.php(933): App\Controllers\PartialController->meeting()
 7 SYSTEMPATH\CodeIgniter.php(507): CodeIgniter\CodeIgniter->runController(Object(App\Controllers\PartialController))
 8 SYSTEMPATH\CodeIgniter.php(354): CodeIgniter\CodeIgniter->handleRequest(null, Object(Config\Cache), false)
 9 SYSTEMPATH\Boot.php(334): CodeIgniter\CodeIgniter->run()
10 SYSTEMPATH\Boot.php(67): CodeIgniter\Boot::runCodeIgniter(Object(CodeIgniter\CodeIgniter))
11 FCPATH\index.php(62): CodeIgniter\Boot::bootWeb(Object(Config\Paths))
12 SYSTEMPATH\rewrite.php(44): require_once('C:\\laragonnew\\www\\minuts-meeting\\public\\index.php')
CRITICAL - 2025-06-13 07:51:59 --> ErrorException: Undefined variable $meetings
[Method: GET, Route: partials/meeting-content]
in APPPATH\Views\partials\meeting-content.php on line 16.
 1 APPPATH\Views\partials\meeting-content.php(16): CodeIgniter\Debug\Exceptions->errorHandler(2, 'Undefined variable $meetings', 'C:\\laragonnew\\www\\minuts-meeting\\app\\Views\\partials\\meeting-content.php', 16)
 2 SYSTEMPATH\View\View.php(224): include('C:\\laragonnew\\www\\minuts-meeting\\app\\Views\\partials\\meeting-content.php')
 3 SYSTEMPATH\View\View.php(227): CodeIgniter\View\View->CodeIgniter\View\{closure}()
 4 SYSTEMPATH\Common.php(1173): CodeIgniter\View\View->render('partials/meeting-content', [], true)
 5 APPPATH\Controllers\PartialController.php(16): view('partials/meeting-content')
 6 SYSTEMPATH\CodeIgniter.php(933): App\Controllers\PartialController->meeting()
 7 SYSTEMPATH\CodeIgniter.php(507): CodeIgniter\CodeIgniter->runController(Object(App\Controllers\PartialController))
 8 SYSTEMPATH\CodeIgniter.php(354): CodeIgniter\CodeIgniter->handleRequest(null, Object(Config\Cache), false)
 9 SYSTEMPATH\Boot.php(334): CodeIgniter\CodeIgniter->run()
10 SYSTEMPATH\Boot.php(67): CodeIgniter\Boot::runCodeIgniter(Object(CodeIgniter\CodeIgniter))
11 FCPATH\index.php(62): CodeIgniter\Boot::bootWeb(Object(Config\Paths))
12 SYSTEMPATH\rewrite.php(44): require_once('C:\\laragonnew\\www\\minuts-meeting\\public\\index.php')
CRITICAL - 2025-06-13 07:52:00 --> ErrorException: Undefined variable $meetings
[Method: GET, Route: partials/meeting-content]
in APPPATH\Views\partials\meeting-content.php on line 16.
 1 APPPATH\Views\partials\meeting-content.php(16): CodeIgniter\Debug\Exceptions->errorHandler(2, 'Undefined variable $meetings', 'C:\\laragonnew\\www\\minuts-meeting\\app\\Views\\partials\\meeting-content.php', 16)
 2 SYSTEMPATH\View\View.php(224): include('C:\\laragonnew\\www\\minuts-meeting\\app\\Views\\partials\\meeting-content.php')
 3 SYSTEMPATH\View\View.php(227): CodeIgniter\View\View->CodeIgniter\View\{closure}()
 4 SYSTEMPATH\Common.php(1173): CodeIgniter\View\View->render('partials/meeting-content', [], true)
 5 APPPATH\Controllers\PartialController.php(16): view('partials/meeting-content')
 6 SYSTEMPATH\CodeIgniter.php(933): App\Controllers\PartialController->meeting()
 7 SYSTEMPATH\CodeIgniter.php(507): CodeIgniter\CodeIgniter->runController(Object(App\Controllers\PartialController))
 8 SYSTEMPATH\CodeIgniter.php(354): CodeIgniter\CodeIgniter->handleRequest(null, Object(Config\Cache), false)
 9 SYSTEMPATH\Boot.php(334): CodeIgniter\CodeIgniter->run()
10 SYSTEMPATH\Boot.php(67): CodeIgniter\Boot::runCodeIgniter(Object(CodeIgniter\CodeIgniter))
11 FCPATH\index.php(62): CodeIgniter\Boot::bootWeb(Object(Config\Paths))
12 SYSTEMPATH\rewrite.php(44): require_once('C:\\laragonnew\\www\\minuts-meeting\\public\\index.php')
CRITICAL - 2025-06-13 07:52:24 --> ErrorException: Undefined variable $meetings
[Method: GET, Route: partials/meeting-content]
in APPPATH\Views\partials\meeting-content.php on line 16.
 1 APPPATH\Views\partials\meeting-content.php(16): CodeIgniter\Debug\Exceptions->errorHandler(2, 'Undefined variable $meetings', 'C:\\laragonnew\\www\\minuts-meeting\\app\\Views\\partials\\meeting-content.php', 16)
 2 SYSTEMPATH\View\View.php(224): include('C:\\laragonnew\\www\\minuts-meeting\\app\\Views\\partials\\meeting-content.php')
 3 SYSTEMPATH\View\View.php(227): CodeIgniter\View\View->CodeIgniter\View\{closure}()
 4 SYSTEMPATH\Common.php(1173): CodeIgniter\View\View->render('partials/meeting-content', [], true)
 5 APPPATH\Controllers\PartialController.php(16): view('partials/meeting-content')
 6 SYSTEMPATH\CodeIgniter.php(933): App\Controllers\PartialController->meeting()
 7 SYSTEMPATH\CodeIgniter.php(507): CodeIgniter\CodeIgniter->runController(Object(App\Controllers\PartialController))
 8 SYSTEMPATH\CodeIgniter.php(354): CodeIgniter\CodeIgniter->handleRequest(null, Object(Config\Cache), false)
 9 SYSTEMPATH\Boot.php(334): CodeIgniter\CodeIgniter->run()
10 SYSTEMPATH\Boot.php(67): CodeIgniter\Boot::runCodeIgniter(Object(CodeIgniter\CodeIgniter))
11 FCPATH\index.php(62): CodeIgniter\Boot::bootWeb(Object(Config\Paths))
12 SYSTEMPATH\rewrite.php(44): require_once('C:\\laragonnew\\www\\minuts-meeting\\public\\index.php')
CRITICAL - 2025-06-13 08:02:11 --> ErrorException: Undefined variable $meetings
[Method: GET, Route: partials/meeting-content]
in APPPATH\Views\partials\meeting-content.php on line 16.
 1 APPPATH\Views\partials\meeting-content.php(16): CodeIgniter\Debug\Exceptions->errorHandler(2, 'Undefined variable $meetings', 'C:\\laragonnew\\www\\minuts-meeting\\app\\Views\\partials\\meeting-content.php', 16)
 2 SYSTEMPATH\View\View.php(224): include('C:\\laragonnew\\www\\minuts-meeting\\app\\Views\\partials\\meeting-content.php')
 3 SYSTEMPATH\View\View.php(227): CodeIgniter\View\View->CodeIgniter\View\{closure}()
 4 SYSTEMPATH\Common.php(1173): CodeIgniter\View\View->render('partials/meeting-content', [], true)
 5 APPPATH\Controllers\PartialController.php(16): view('partials/meeting-content')
 6 SYSTEMPATH\CodeIgniter.php(933): App\Controllers\PartialController->meeting()
 7 SYSTEMPATH\CodeIgniter.php(507): CodeIgniter\CodeIgniter->runController(Object(App\Controllers\PartialController))
 8 SYSTEMPATH\CodeIgniter.php(354): CodeIgniter\CodeIgniter->handleRequest(null, Object(Config\Cache), false)
 9 SYSTEMPATH\Boot.php(334): CodeIgniter\CodeIgniter->run()
10 SYSTEMPATH\Boot.php(67): CodeIgniter\Boot::runCodeIgniter(Object(CodeIgniter\CodeIgniter))
11 FCPATH\index.php(62): CodeIgniter\Boot::bootWeb(Object(Config\Paths))
12 SYSTEMPATH\rewrite.php(44): require_once('C:\\laragonnew\\www\\minuts-meeting\\public\\index.php')
CRITICAL - 2025-06-13 09:07:17 --> ErrorException: Undefined variable $meetings
[Method: GET, Route: partials/discussion-content]
in APPPATH\Views\partials\discussion-content.php on line 9.
 1 APPPATH\Views\partials\discussion-content.php(9): CodeIgniter\Debug\Exceptions->errorHandler(2, 'Undefined variable $meetings', 'C:\\laragonnew\\www\\minuts-meeting\\app\\Views\\partials\\discussion-content.php', 9)
 2 SYSTEMPATH\View\View.php(224): include('C:\\laragonnew\\www\\minuts-meeting\\app\\Views\\partials\\discussion-content.php')
 3 SYSTEMPATH\View\View.php(227): CodeIgniter\View\View->CodeIgniter\View\{closure}()
 4 SYSTEMPATH\Common.php(1173): CodeIgniter\View\View->render('partials/discussion-content', [], true)
 5 APPPATH\Controllers\PartialController.php(26): view('partials/discussion-content')
 6 SYSTEMPATH\CodeIgniter.php(933): App\Controllers\PartialController->discussion()
 7 SYSTEMPATH\CodeIgniter.php(507): CodeIgniter\CodeIgniter->runController(Object(App\Controllers\PartialController))
 8 SYSTEMPATH\CodeIgniter.php(354): CodeIgniter\CodeIgniter->handleRequest(null, Object(Config\Cache), false)
 9 SYSTEMPATH\Boot.php(334): CodeIgniter\CodeIgniter->run()
10 SYSTEMPATH\Boot.php(67): CodeIgniter\Boot::runCodeIgniter(Object(CodeIgniter\CodeIgniter))
11 FCPATH\index.php(62): CodeIgniter\Boot::bootWeb(Object(Config\Paths))
12 SYSTEMPATH\rewrite.php(44): require_once('C:\\laragonnew\\www\\minuts-meeting\\public\\index.php')
CRITICAL - 2025-06-13 09:07:18 --> ErrorException: Undefined variable $meetings
[Method: GET, Route: partials/discussion-content]
in APPPATH\Views\partials\discussion-content.php on line 9.
 1 APPPATH\Views\partials\discussion-content.php(9): CodeIgniter\Debug\Exceptions->errorHandler(2, 'Undefined variable $meetings', 'C:\\laragonnew\\www\\minuts-meeting\\app\\Views\\partials\\discussion-content.php', 9)
 2 SYSTEMPATH\View\View.php(224): include('C:\\laragonnew\\www\\minuts-meeting\\app\\Views\\partials\\discussion-content.php')
 3 SYSTEMPATH\View\View.php(227): CodeIgniter\View\View->CodeIgniter\View\{closure}()
 4 SYSTEMPATH\Common.php(1173): CodeIgniter\View\View->render('partials/discussion-content', [], true)
 5 APPPATH\Controllers\PartialController.php(26): view('partials/discussion-content')
 6 SYSTEMPATH\CodeIgniter.php(933): App\Controllers\PartialController->discussion()
 7 SYSTEMPATH\CodeIgniter.php(507): CodeIgniter\CodeIgniter->runController(Object(App\Controllers\PartialController))
 8 SYSTEMPATH\CodeIgniter.php(354): CodeIgniter\CodeIgniter->handleRequest(null, Object(Config\Cache), false)
 9 SYSTEMPATH\Boot.php(334): CodeIgniter\CodeIgniter->run()
10 SYSTEMPATH\Boot.php(67): CodeIgniter\Boot::runCodeIgniter(Object(CodeIgniter\CodeIgniter))
11 FCPATH\index.php(62): CodeIgniter\Boot::bootWeb(Object(Config\Paths))
12 SYSTEMPATH\rewrite.php(44): require_once('C:\\laragonnew\\www\\minuts-meeting\\public\\index.php')
CRITICAL - 2025-06-13 09:08:57 --> ErrorException: Undefined variable $meetings
[Method: GET, Route: partials/discussion-content]
in APPPATH\Views\partials\discussion-content.php on line 9.
 1 APPPATH\Views\partials\discussion-content.php(9): CodeIgniter\Debug\Exceptions->errorHandler(2, 'Undefined variable $meetings', 'C:\\laragonnew\\www\\minuts-meeting\\app\\Views\\partials\\discussion-content.php', 9)
 2 SYSTEMPATH\View\View.php(224): include('C:\\laragonnew\\www\\minuts-meeting\\app\\Views\\partials\\discussion-content.php')
 3 SYSTEMPATH\View\View.php(227): CodeIgniter\View\View->CodeIgniter\View\{closure}()
 4 SYSTEMPATH\Common.php(1173): CodeIgniter\View\View->render('partials/discussion-content', [], true)
 5 APPPATH\Controllers\PartialController.php(26): view('partials/discussion-content')
 6 SYSTEMPATH\CodeIgniter.php(933): App\Controllers\PartialController->discussion()
 7 SYSTEMPATH\CodeIgniter.php(507): CodeIgniter\CodeIgniter->runController(Object(App\Controllers\PartialController))
 8 SYSTEMPATH\CodeIgniter.php(354): CodeIgniter\CodeIgniter->handleRequest(null, Object(Config\Cache), false)
 9 SYSTEMPATH\Boot.php(334): CodeIgniter\CodeIgniter->run()
10 SYSTEMPATH\Boot.php(67): CodeIgniter\Boot::runCodeIgniter(Object(CodeIgniter\CodeIgniter))
11 FCPATH\index.php(62): CodeIgniter\Boot::bootWeb(Object(Config\Paths))
12 SYSTEMPATH\rewrite.php(44): require_once('C:\\laragonnew\\www\\minuts-meeting\\public\\index.php')
CRITICAL - 2025-06-13 09:08:58 --> ErrorException: Undefined variable $meetings
[Method: GET, Route: partials/discussion-content]
in APPPATH\Views\partials\discussion-content.php on line 9.
 1 APPPATH\Views\partials\discussion-content.php(9): CodeIgniter\Debug\Exceptions->errorHandler(2, 'Undefined variable $meetings', 'C:\\laragonnew\\www\\minuts-meeting\\app\\Views\\partials\\discussion-content.php', 9)
 2 SYSTEMPATH\View\View.php(224): include('C:\\laragonnew\\www\\minuts-meeting\\app\\Views\\partials\\discussion-content.php')
 3 SYSTEMPATH\View\View.php(227): CodeIgniter\View\View->CodeIgniter\View\{closure}()
 4 SYSTEMPATH\Common.php(1173): CodeIgniter\View\View->render('partials/discussion-content', [], true)
 5 APPPATH\Controllers\PartialController.php(26): view('partials/discussion-content')
 6 SYSTEMPATH\CodeIgniter.php(933): App\Controllers\PartialController->discussion()
 7 SYSTEMPATH\CodeIgniter.php(507): CodeIgniter\CodeIgniter->runController(Object(App\Controllers\PartialController))
 8 SYSTEMPATH\CodeIgniter.php(354): CodeIgniter\CodeIgniter->handleRequest(null, Object(Config\Cache), false)
 9 SYSTEMPATH\Boot.php(334): CodeIgniter\CodeIgniter->run()
10 SYSTEMPATH\Boot.php(67): CodeIgniter\Boot::runCodeIgniter(Object(CodeIgniter\CodeIgniter))
11 FCPATH\index.php(62): CodeIgniter\Boot::bootWeb(Object(Config\Paths))
12 SYSTEMPATH\rewrite.php(44): require_once('C:\\laragonnew\\www\\minuts-meeting\\public\\index.php')
CRITICAL - 2025-06-13 09:09:00 --> ErrorException: Undefined variable $meetings
[Method: GET, Route: partials/discussion-content]
in APPPATH\Views\partials\discussion-content.php on line 9.
 1 APPPATH\Views\partials\discussion-content.php(9): CodeIgniter\Debug\Exceptions->errorHandler(2, 'Undefined variable $meetings', 'C:\\laragonnew\\www\\minuts-meeting\\app\\Views\\partials\\discussion-content.php', 9)
 2 SYSTEMPATH\View\View.php(224): include('C:\\laragonnew\\www\\minuts-meeting\\app\\Views\\partials\\discussion-content.php')
 3 SYSTEMPATH\View\View.php(227): CodeIgniter\View\View->CodeIgniter\View\{closure}()
 4 SYSTEMPATH\Common.php(1173): CodeIgniter\View\View->render('partials/discussion-content', [], true)
 5 APPPATH\Controllers\PartialController.php(26): view('partials/discussion-content')
 6 SYSTEMPATH\CodeIgniter.php(933): App\Controllers\PartialController->discussion()
 7 SYSTEMPATH\CodeIgniter.php(507): CodeIgniter\CodeIgniter->runController(Object(App\Controllers\PartialController))
 8 SYSTEMPATH\CodeIgniter.php(354): CodeIgniter\CodeIgniter->handleRequest(null, Object(Config\Cache), false)
 9 SYSTEMPATH\Boot.php(334): CodeIgniter\CodeIgniter->run()
10 SYSTEMPATH\Boot.php(67): CodeIgniter\Boot::runCodeIgniter(Object(CodeIgniter\CodeIgniter))
11 FCPATH\index.php(62): CodeIgniter\Boot::bootWeb(Object(Config\Paths))
12 SYSTEMPATH\rewrite.php(44): require_once('C:\\laragonnew\\www\\minuts-meeting\\public\\index.php')
CRITICAL - 2025-06-13 09:09:01 --> ErrorException: Undefined variable $meetings
[Method: GET, Route: partials/discussion-content]
in APPPATH\Views\partials\discussion-content.php on line 9.
 1 APPPATH\Views\partials\discussion-content.php(9): CodeIgniter\Debug\Exceptions->errorHandler(2, 'Undefined variable $meetings', 'C:\\laragonnew\\www\\minuts-meeting\\app\\Views\\partials\\discussion-content.php', 9)
 2 SYSTEMPATH\View\View.php(224): include('C:\\laragonnew\\www\\minuts-meeting\\app\\Views\\partials\\discussion-content.php')
 3 SYSTEMPATH\View\View.php(227): CodeIgniter\View\View->CodeIgniter\View\{closure}()
 4 SYSTEMPATH\Common.php(1173): CodeIgniter\View\View->render('partials/discussion-content', [], true)
 5 APPPATH\Controllers\PartialController.php(26): view('partials/discussion-content')
 6 SYSTEMPATH\CodeIgniter.php(933): App\Controllers\PartialController->discussion()
 7 SYSTEMPATH\CodeIgniter.php(507): CodeIgniter\CodeIgniter->runController(Object(App\Controllers\PartialController))
 8 SYSTEMPATH\CodeIgniter.php(354): CodeIgniter\CodeIgniter->handleRequest(null, Object(Config\Cache), false)
 9 SYSTEMPATH\Boot.php(334): CodeIgniter\CodeIgniter->run()
10 SYSTEMPATH\Boot.php(67): CodeIgniter\Boot::runCodeIgniter(Object(CodeIgniter\CodeIgniter))
11 FCPATH\index.php(62): CodeIgniter\Boot::bootWeb(Object(Config\Paths))
12 SYSTEMPATH\rewrite.php(44): require_once('C:\\laragonnew\\www\\minuts-meeting\\public\\index.php')
CRITICAL - 2025-06-13 09:09:06 --> ErrorException: Undefined variable $meetings
[Method: GET, Route: partials/discussion-content]
in APPPATH\Views\partials\discussion-content.php on line 9.
 1 APPPATH\Views\partials\discussion-content.php(9): CodeIgniter\Debug\Exceptions->errorHandler(2, 'Undefined variable $meetings', 'C:\\laragonnew\\www\\minuts-meeting\\app\\Views\\partials\\discussion-content.php', 9)
 2 SYSTEMPATH\View\View.php(224): include('C:\\laragonnew\\www\\minuts-meeting\\app\\Views\\partials\\discussion-content.php')
 3 SYSTEMPATH\View\View.php(227): CodeIgniter\View\View->CodeIgniter\View\{closure}()
 4 SYSTEMPATH\Common.php(1173): CodeIgniter\View\View->render('partials/discussion-content', [], true)
 5 APPPATH\Controllers\PartialController.php(26): view('partials/discussion-content')
 6 SYSTEMPATH\CodeIgniter.php(933): App\Controllers\PartialController->discussion()
 7 SYSTEMPATH\CodeIgniter.php(507): CodeIgniter\CodeIgniter->runController(Object(App\Controllers\PartialController))
 8 SYSTEMPATH\CodeIgniter.php(354): CodeIgniter\CodeIgniter->handleRequest(null, Object(Config\Cache), false)
 9 SYSTEMPATH\Boot.php(334): CodeIgniter\CodeIgniter->run()
10 SYSTEMPATH\Boot.php(67): CodeIgniter\Boot::runCodeIgniter(Object(CodeIgniter\CodeIgniter))
11 FCPATH\index.php(62): CodeIgniter\Boot::bootWeb(Object(Config\Paths))
12 SYSTEMPATH\rewrite.php(44): require_once('C:\\laragonnew\\www\\minuts-meeting\\public\\index.php')
