DEBUG - 2025-06-19 02:41:41 --> Session: Class initialized using 'CodeIgniter\Session\Handlers\FileHandler' driver.
ERROR - 2025-06-19 03:15:26 --> mysqli_sql_exception: You have an error in your SQL syntax; check the manual that corresponds to your MySQL server version for the right syntax to use near '`notulis`, `created_at`, `updated_at`) VALUES ('3', NULL, 'null', NULL, NULL, '2' at line 1 in C:\laragonnew\www\minuts-meeting\system\Database\MySQLi\Connection.php:327
Stack trace:
#0 C:\laragonnew\www\minuts-meeting\system\Database\MySQLi\Connection.php(327): mysqli->query('INSERT INTO `di...', 0)
#1 C:\laragonnew\www\minuts-meeting\system\Database\BaseConnection.php(738): CodeIgniter\Database\MySQLi\Connection->execute('INSERT INTO `di...')
#2 C:\laragonnew\www\minuts-meeting\system\Database\BaseConnection.php(652): CodeIgniter\Database\BaseConnection->simpleQuery('INSERT INTO `di...')
#3 C:\laragonnew\www\minuts-meeting\system\Database\BaseBuilder.php(2345): CodeIgniter\Database\BaseConnection->query('INSERT INTO `di...', Array, false)
#4 C:\laragonnew\www\minuts-meeting\system\Model.php(394): CodeIgniter\Database\BaseBuilder->insert()
#5 C:\laragonnew\www\minuts-meeting\system\BaseModel.php(843): CodeIgniter\Model->doInsert(Array)
#6 C:\laragonnew\www\minuts-meeting\system\Model.php(800): CodeIgniter\BaseModel->insert(Array, false)
#7 C:\laragonnew\www\minuts-meeting\system\BaseModel.php(754): CodeIgniter\Model->insert(Array, false)
#8 C:\laragonnew\www\minuts-meeting\app\Controllers\DiscussionController.php(32): CodeIgniter\BaseModel->save(Array)
#9 C:\laragonnew\www\minuts-meeting\system\CodeIgniter.php(933): App\Controllers\DiscussionController->save()
#10 C:\laragonnew\www\minuts-meeting\system\CodeIgniter.php(507): CodeIgniter\CodeIgniter->runController(Object(App\Controllers\DiscussionController))
#11 C:\laragonnew\www\minuts-meeting\system\CodeIgniter.php(354): CodeIgniter\CodeIgniter->handleRequest(NULL, Object(Config\Cache), false)
#12 C:\laragonnew\www\minuts-meeting\system\Boot.php(334): CodeIgniter\CodeIgniter->run()
#13 C:\laragonnew\www\minuts-meeting\system\Boot.php(67): CodeIgniter\Boot::runCodeIgniter(Object(CodeIgniter\CodeIgniter))
#14 C:\laragonnew\www\minuts-meeting\public\index.php(62): CodeIgniter\Boot::bootWeb(Object(Config\Paths))
#15 C:\laragonnew\www\minuts-meeting\system\rewrite.php(44): require_once('C:\\laragonnew\\w...')
#16 {main}
CRITICAL - 2025-06-19 03:15:26 --> CodeIgniter\Database\Exceptions\DatabaseException: You have an error in your SQL syntax; check the manual that corresponds to your MySQL server version for the right syntax to use near '`notulis`, `created_at`, `updated_at`) VALUES ('3', NULL, 'null', NULL, NULL, '2' at line 1
[Method: POST, Route: discussion/save]
in SYSTEMPATH\Database\BaseConnection.php on line 692.
 1 SYSTEMPATH\Database\BaseBuilder.php(2345): CodeIgniter\Database\BaseConnection->query('INSERT INTO `discussions` (`meeting_id`, `topik`, `pembahasan`, `tanggal`, `nama` `notulis`, `created_at`, `updated_at`) VALUES (:meeting_id:, :topik:, :pembahasan:, :tanggal:, :nama notulis:, :created_at:, :updated_at:)', [...], false)
 2 SYSTEMPATH\Model.php(394): CodeIgniter\Database\BaseBuilder->insert()
 3 SYSTEMPATH\BaseModel.php(843): CodeIgniter\Model->doInsert([...])
 4 SYSTEMPATH\Model.php(800): CodeIgniter\BaseModel->insert([...], false)
 5 SYSTEMPATH\BaseModel.php(754): CodeIgniter\Model->insert([...], false)
 6 APPPATH\Controllers\DiscussionController.php(32): CodeIgniter\BaseModel->save([...])
 7 SYSTEMPATH\CodeIgniter.php(933): App\Controllers\DiscussionController->save()
 8 SYSTEMPATH\CodeIgniter.php(507): CodeIgniter\CodeIgniter->runController(Object(App\Controllers\DiscussionController))
 9 SYSTEMPATH\CodeIgniter.php(354): CodeIgniter\CodeIgniter->handleRequest(null, Object(Config\Cache), false)
10 SYSTEMPATH\Boot.php(334): CodeIgniter\CodeIgniter->run()
11 SYSTEMPATH\Boot.php(67): CodeIgniter\Boot::runCodeIgniter(Object(CodeIgniter\CodeIgniter))
12 FCPATH\index.php(62): CodeIgniter\Boot::bootWeb(Object(Config\Paths))
13 SYSTEMPATH\rewrite.php(44): require_once('C:\\laragonnew\\www\\minuts-meeting\\public\\index.php')
CRITICAL - 2025-06-19 03:15:26 --> [Caused by] CodeIgniter\Database\Exceptions\DatabaseException: You have an error in your SQL syntax; check the manual that corresponds to your MySQL server version for the right syntax to use near '`notulis`, `created_at`, `updated_at`) VALUES ('3', NULL, 'null', NULL, NULL, '2' at line 1
in SYSTEMPATH\Database\MySQLi\Connection.php on line 332.
 1 SYSTEMPATH\Database\BaseConnection.php(738): CodeIgniter\Database\MySQLi\Connection->execute('INSERT INTO `discussions` (`meeting_id`, `topik`, `pembahasan`, `tanggal`, `nama` `notulis`, `created_at`, `updated_at`) VALUES (\'3\', NULL, \'null\', NULL, NULL, \'2025-06-19 03:15:26\', \'2025-06-19 03:15:26\')')
 2 SYSTEMPATH\Database\BaseConnection.php(652): CodeIgniter\Database\BaseConnection->simpleQuery('INSERT INTO `discussions` (`meeting_id`, `topik`, `pembahasan`, `tanggal`, `nama` `notulis`, `created_at`, `updated_at`) VALUES (\'3\', NULL, \'null\', NULL, NULL, \'2025-06-19 03:15:26\', \'2025-06-19 03:15:26\')')
 3 SYSTEMPATH\Database\BaseBuilder.php(2345): CodeIgniter\Database\BaseConnection->query('INSERT INTO `discussions` (`meeting_id`, `topik`, `pembahasan`, `tanggal`, `nama` `notulis`, `created_at`, `updated_at`) VALUES (:meeting_id:, :topik:, :pembahasan:, :tanggal:, :nama notulis:, :created_at:, :updated_at:)', [...], false)
 4 SYSTEMPATH\Model.php(394): CodeIgniter\Database\BaseBuilder->insert()
 5 SYSTEMPATH\BaseModel.php(843): CodeIgniter\Model->doInsert([...])
 6 SYSTEMPATH\Model.php(800): CodeIgniter\BaseModel->insert([...], false)
 7 SYSTEMPATH\BaseModel.php(754): CodeIgniter\Model->insert([...], false)
 8 APPPATH\Controllers\DiscussionController.php(32): CodeIgniter\BaseModel->save([...])
 9 SYSTEMPATH\CodeIgniter.php(933): App\Controllers\DiscussionController->save()
10 SYSTEMPATH\CodeIgniter.php(507): CodeIgniter\CodeIgniter->runController(Object(App\Controllers\DiscussionController))
11 SYSTEMPATH\CodeIgniter.php(354): CodeIgniter\CodeIgniter->handleRequest(null, Object(Config\Cache), false)
12 SYSTEMPATH\Boot.php(334): CodeIgniter\CodeIgniter->run()
13 SYSTEMPATH\Boot.php(67): CodeIgniter\Boot::runCodeIgniter(Object(CodeIgniter\CodeIgniter))
14 FCPATH\index.php(62): CodeIgniter\Boot::bootWeb(Object(Config\Paths))
15 SYSTEMPATH\rewrite.php(44): require_once('C:\\laragonnew\\www\\minuts-meeting\\public\\index.php')
CRITICAL - 2025-06-19 03:15:26 --> [Caused by] mysqli_sql_exception: You have an error in your SQL syntax; check the manual that corresponds to your MySQL server version for the right syntax to use near '`notulis`, `created_at`, `updated_at`) VALUES ('3', NULL, 'null', NULL, NULL, '2' at line 1
in SYSTEMPATH\Database\MySQLi\Connection.php on line 327.
 1 SYSTEMPATH\Database\MySQLi\Connection.php(327): mysqli->query('INSERT INTO `discussions` (`meeting_id`, `topik`, `pembahasan`, `tanggal`, `nama` `notulis`, `created_at`, `updated_at`) VALUES (\'3\', NULL, \'null\', NULL, NULL, \'2025-06-19 03:15:26\', \'2025-06-19 03:15:26\')', 0)
 2 SYSTEMPATH\Database\BaseConnection.php(738): CodeIgniter\Database\MySQLi\Connection->execute('INSERT INTO `discussions` (`meeting_id`, `topik`, `pembahasan`, `tanggal`, `nama` `notulis`, `created_at`, `updated_at`) VALUES (\'3\', NULL, \'null\', NULL, NULL, \'2025-06-19 03:15:26\', \'2025-06-19 03:15:26\')')
 3 SYSTEMPATH\Database\BaseConnection.php(652): CodeIgniter\Database\BaseConnection->simpleQuery('INSERT INTO `discussions` (`meeting_id`, `topik`, `pembahasan`, `tanggal`, `nama` `notulis`, `created_at`, `updated_at`) VALUES (\'3\', NULL, \'null\', NULL, NULL, \'2025-06-19 03:15:26\', \'2025-06-19 03:15:26\')')
 4 SYSTEMPATH\Database\BaseBuilder.php(2345): CodeIgniter\Database\BaseConnection->query('INSERT INTO `discussions` (`meeting_id`, `topik`, `pembahasan`, `tanggal`, `nama` `notulis`, `created_at`, `updated_at`) VALUES (:meeting_id:, :topik:, :pembahasan:, :tanggal:, :nama notulis:, :created_at:, :updated_at:)', [...], false)
 5 SYSTEMPATH\Model.php(394): CodeIgniter\Database\BaseBuilder->insert()
 6 SYSTEMPATH\BaseModel.php(843): CodeIgniter\Model->doInsert([...])
 7 SYSTEMPATH\Model.php(800): CodeIgniter\BaseModel->insert([...], false)
 8 SYSTEMPATH\BaseModel.php(754): CodeIgniter\Model->insert([...], false)
 9 APPPATH\Controllers\DiscussionController.php(32): CodeIgniter\BaseModel->save([...])
10 SYSTEMPATH\CodeIgniter.php(933): App\Controllers\DiscussionController->save()
11 SYSTEMPATH\CodeIgniter.php(507): CodeIgniter\CodeIgniter->runController(Object(App\Controllers\DiscussionController))
12 SYSTEMPATH\CodeIgniter.php(354): CodeIgniter\CodeIgniter->handleRequest(null, Object(Config\Cache), false)
13 SYSTEMPATH\Boot.php(334): CodeIgniter\CodeIgniter->run()
14 SYSTEMPATH\Boot.php(67): CodeIgniter\Boot::runCodeIgniter(Object(CodeIgniter\CodeIgniter))
15 FCPATH\index.php(62): CodeIgniter\Boot::bootWeb(Object(Config\Paths))
16 SYSTEMPATH\rewrite.php(44): require_once('C:\\laragonnew\\www\\minuts-meeting\\public\\index.php')
ERROR - 2025-06-19 03:24:46 --> mysqli_sql_exception: Column 'topik' cannot be null in C:\laragonnew\www\minuts-meeting\system\Database\MySQLi\Connection.php:327
Stack trace:
#0 C:\laragonnew\www\minuts-meeting\system\Database\MySQLi\Connection.php(327): mysqli->query('INSERT INTO `di...', 0)
#1 C:\laragonnew\www\minuts-meeting\system\Database\BaseConnection.php(738): CodeIgniter\Database\MySQLi\Connection->execute('INSERT INTO `di...')
#2 C:\laragonnew\www\minuts-meeting\system\Database\BaseConnection.php(652): CodeIgniter\Database\BaseConnection->simpleQuery('INSERT INTO `di...')
#3 C:\laragonnew\www\minuts-meeting\system\Database\BaseBuilder.php(2345): CodeIgniter\Database\BaseConnection->query('INSERT INTO `di...', Array, false)
#4 C:\laragonnew\www\minuts-meeting\system\Model.php(394): CodeIgniter\Database\BaseBuilder->insert()
#5 C:\laragonnew\www\minuts-meeting\system\BaseModel.php(843): CodeIgniter\Model->doInsert(Array)
#6 C:\laragonnew\www\minuts-meeting\system\Model.php(800): CodeIgniter\BaseModel->insert(Array, false)
#7 C:\laragonnew\www\minuts-meeting\system\BaseModel.php(754): CodeIgniter\Model->insert(Array, false)
#8 C:\laragonnew\www\minuts-meeting\app\Controllers\DiscussionController.php(32): CodeIgniter\BaseModel->save(Array)
#9 C:\laragonnew\www\minuts-meeting\system\CodeIgniter.php(933): App\Controllers\DiscussionController->save()
#10 C:\laragonnew\www\minuts-meeting\system\CodeIgniter.php(507): CodeIgniter\CodeIgniter->runController(Object(App\Controllers\DiscussionController))
#11 C:\laragonnew\www\minuts-meeting\system\CodeIgniter.php(354): CodeIgniter\CodeIgniter->handleRequest(NULL, Object(Config\Cache), false)
#12 C:\laragonnew\www\minuts-meeting\system\Boot.php(334): CodeIgniter\CodeIgniter->run()
#13 C:\laragonnew\www\minuts-meeting\system\Boot.php(67): CodeIgniter\Boot::runCodeIgniter(Object(CodeIgniter\CodeIgniter))
#14 C:\laragonnew\www\minuts-meeting\public\index.php(62): CodeIgniter\Boot::bootWeb(Object(Config\Paths))
#15 C:\laragonnew\www\minuts-meeting\system\rewrite.php(44): require_once('C:\\laragonnew\\w...')
#16 {main}
CRITICAL - 2025-06-19 03:24:46 --> CodeIgniter\Database\Exceptions\DatabaseException: Column 'topik' cannot be null
[Method: POST, Route: discussion/save]
in SYSTEMPATH\Database\BaseConnection.php on line 692.
 1 SYSTEMPATH\Database\BaseBuilder.php(2345): CodeIgniter\Database\BaseConnection->query('INSERT INTO `discussions` (`meeting_id`, `topik`, `pembahasan`, `tanggal`, `created_at`, `updated_at`) VALUES (:meeting_id:, :topik:, :pembahasan:, :tanggal:, :created_at:, :updated_at:)', [...], false)
 2 SYSTEMPATH\Model.php(394): CodeIgniter\Database\BaseBuilder->insert()
 3 SYSTEMPATH\BaseModel.php(843): CodeIgniter\Model->doInsert([...])
 4 SYSTEMPATH\Model.php(800): CodeIgniter\BaseModel->insert([...], false)
 5 SYSTEMPATH\BaseModel.php(754): CodeIgniter\Model->insert([...], false)
 6 APPPATH\Controllers\DiscussionController.php(32): CodeIgniter\BaseModel->save([...])
 7 SYSTEMPATH\CodeIgniter.php(933): App\Controllers\DiscussionController->save()
 8 SYSTEMPATH\CodeIgniter.php(507): CodeIgniter\CodeIgniter->runController(Object(App\Controllers\DiscussionController))
 9 SYSTEMPATH\CodeIgniter.php(354): CodeIgniter\CodeIgniter->handleRequest(null, Object(Config\Cache), false)
10 SYSTEMPATH\Boot.php(334): CodeIgniter\CodeIgniter->run()
11 SYSTEMPATH\Boot.php(67): CodeIgniter\Boot::runCodeIgniter(Object(CodeIgniter\CodeIgniter))
12 FCPATH\index.php(62): CodeIgniter\Boot::bootWeb(Object(Config\Paths))
13 SYSTEMPATH\rewrite.php(44): require_once('C:\\laragonnew\\www\\minuts-meeting\\public\\index.php')
CRITICAL - 2025-06-19 03:24:46 --> [Caused by] CodeIgniter\Database\Exceptions\DatabaseException: Column 'topik' cannot be null
in SYSTEMPATH\Database\MySQLi\Connection.php on line 332.
 1 SYSTEMPATH\Database\BaseConnection.php(738): CodeIgniter\Database\MySQLi\Connection->execute('INSERT INTO `discussions` (`meeting_id`, `topik`, `pembahasan`, `tanggal`, `created_at`, `updated_at`) VALUES (\'6\', NULL, \'null\', NULL, \'2025-06-19 03:24:46\', \'2025-06-19 03:24:46\')')
 2 SYSTEMPATH\Database\BaseConnection.php(652): CodeIgniter\Database\BaseConnection->simpleQuery('INSERT INTO `discussions` (`meeting_id`, `topik`, `pembahasan`, `tanggal`, `created_at`, `updated_at`) VALUES (\'6\', NULL, \'null\', NULL, \'2025-06-19 03:24:46\', \'2025-06-19 03:24:46\')')
 3 SYSTEMPATH\Database\BaseBuilder.php(2345): CodeIgniter\Database\BaseConnection->query('INSERT INTO `discussions` (`meeting_id`, `topik`, `pembahasan`, `tanggal`, `created_at`, `updated_at`) VALUES (:meeting_id:, :topik:, :pembahasan:, :tanggal:, :created_at:, :updated_at:)', [...], false)
 4 SYSTEMPATH\Model.php(394): CodeIgniter\Database\BaseBuilder->insert()
 5 SYSTEMPATH\BaseModel.php(843): CodeIgniter\Model->doInsert([...])
 6 SYSTEMPATH\Model.php(800): CodeIgniter\BaseModel->insert([...], false)
 7 SYSTEMPATH\BaseModel.php(754): CodeIgniter\Model->insert([...], false)
 8 APPPATH\Controllers\DiscussionController.php(32): CodeIgniter\BaseModel->save([...])
 9 SYSTEMPATH\CodeIgniter.php(933): App\Controllers\DiscussionController->save()
10 SYSTEMPATH\CodeIgniter.php(507): CodeIgniter\CodeIgniter->runController(Object(App\Controllers\DiscussionController))
11 SYSTEMPATH\CodeIgniter.php(354): CodeIgniter\CodeIgniter->handleRequest(null, Object(Config\Cache), false)
12 SYSTEMPATH\Boot.php(334): CodeIgniter\CodeIgniter->run()
13 SYSTEMPATH\Boot.php(67): CodeIgniter\Boot::runCodeIgniter(Object(CodeIgniter\CodeIgniter))
14 FCPATH\index.php(62): CodeIgniter\Boot::bootWeb(Object(Config\Paths))
15 SYSTEMPATH\rewrite.php(44): require_once('C:\\laragonnew\\www\\minuts-meeting\\public\\index.php')
CRITICAL - 2025-06-19 03:24:46 --> [Caused by] mysqli_sql_exception: Column 'topik' cannot be null
in SYSTEMPATH\Database\MySQLi\Connection.php on line 327.
 1 SYSTEMPATH\Database\MySQLi\Connection.php(327): mysqli->query('INSERT INTO `discussions` (`meeting_id`, `topik`, `pembahasan`, `tanggal`, `created_at`, `updated_at`) VALUES (\'6\', NULL, \'null\', NULL, \'2025-06-19 03:24:46\', \'2025-06-19 03:24:46\')', 0)
 2 SYSTEMPATH\Database\BaseConnection.php(738): CodeIgniter\Database\MySQLi\Connection->execute('INSERT INTO `discussions` (`meeting_id`, `topik`, `pembahasan`, `tanggal`, `created_at`, `updated_at`) VALUES (\'6\', NULL, \'null\', NULL, \'2025-06-19 03:24:46\', \'2025-06-19 03:24:46\')')
 3 SYSTEMPATH\Database\BaseConnection.php(652): CodeIgniter\Database\BaseConnection->simpleQuery('INSERT INTO `discussions` (`meeting_id`, `topik`, `pembahasan`, `tanggal`, `created_at`, `updated_at`) VALUES (\'6\', NULL, \'null\', NULL, \'2025-06-19 03:24:46\', \'2025-06-19 03:24:46\')')
 4 SYSTEMPATH\Database\BaseBuilder.php(2345): CodeIgniter\Database\BaseConnection->query('INSERT INTO `discussions` (`meeting_id`, `topik`, `pembahasan`, `tanggal`, `created_at`, `updated_at`) VALUES (:meeting_id:, :topik:, :pembahasan:, :tanggal:, :created_at:, :updated_at:)', [...], false)
 5 SYSTEMPATH\Model.php(394): CodeIgniter\Database\BaseBuilder->insert()
 6 SYSTEMPATH\BaseModel.php(843): CodeIgniter\Model->doInsert([...])
 7 SYSTEMPATH\Model.php(800): CodeIgniter\BaseModel->insert([...], false)
 8 SYSTEMPATH\BaseModel.php(754): CodeIgniter\Model->insert([...], false)
 9 APPPATH\Controllers\DiscussionController.php(32): CodeIgniter\BaseModel->save([...])
10 SYSTEMPATH\CodeIgniter.php(933): App\Controllers\DiscussionController->save()
11 SYSTEMPATH\CodeIgniter.php(507): CodeIgniter\CodeIgniter->runController(Object(App\Controllers\DiscussionController))
12 SYSTEMPATH\CodeIgniter.php(354): CodeIgniter\CodeIgniter->handleRequest(null, Object(Config\Cache), false)
13 SYSTEMPATH\Boot.php(334): CodeIgniter\CodeIgniter->run()
14 SYSTEMPATH\Boot.php(67): CodeIgniter\Boot::runCodeIgniter(Object(CodeIgniter\CodeIgniter))
15 FCPATH\index.php(62): CodeIgniter\Boot::bootWeb(Object(Config\Paths))
16 SYSTEMPATH\rewrite.php(44): require_once('C:\\laragonnew\\www\\minuts-meeting\\public\\index.php')
ERROR - 2025-06-19 03:28:17 --> mysqli_sql_exception: Column 'topik' cannot be null in C:\laragonnew\www\minuts-meeting\system\Database\MySQLi\Connection.php:327
Stack trace:
#0 C:\laragonnew\www\minuts-meeting\system\Database\MySQLi\Connection.php(327): mysqli->query('INSERT INTO `di...', 0)
#1 C:\laragonnew\www\minuts-meeting\system\Database\BaseConnection.php(738): CodeIgniter\Database\MySQLi\Connection->execute('INSERT INTO `di...')
#2 C:\laragonnew\www\minuts-meeting\system\Database\BaseConnection.php(652): CodeIgniter\Database\BaseConnection->simpleQuery('INSERT INTO `di...')
#3 C:\laragonnew\www\minuts-meeting\system\Database\BaseBuilder.php(2345): CodeIgniter\Database\BaseConnection->query('INSERT INTO `di...', Array, false)
#4 C:\laragonnew\www\minuts-meeting\system\Model.php(394): CodeIgniter\Database\BaseBuilder->insert()
#5 C:\laragonnew\www\minuts-meeting\system\BaseModel.php(843): CodeIgniter\Model->doInsert(Array)
#6 C:\laragonnew\www\minuts-meeting\system\Model.php(800): CodeIgniter\BaseModel->insert(Array, false)
#7 C:\laragonnew\www\minuts-meeting\system\BaseModel.php(754): CodeIgniter\Model->insert(Array, false)
#8 C:\laragonnew\www\minuts-meeting\app\Controllers\DiscussionController.php(32): CodeIgniter\BaseModel->save(Array)
#9 C:\laragonnew\www\minuts-meeting\system\CodeIgniter.php(933): App\Controllers\DiscussionController->save()
#10 C:\laragonnew\www\minuts-meeting\system\CodeIgniter.php(507): CodeIgniter\CodeIgniter->runController(Object(App\Controllers\DiscussionController))
#11 C:\laragonnew\www\minuts-meeting\system\CodeIgniter.php(354): CodeIgniter\CodeIgniter->handleRequest(NULL, Object(Config\Cache), false)
#12 C:\laragonnew\www\minuts-meeting\system\Boot.php(334): CodeIgniter\CodeIgniter->run()
#13 C:\laragonnew\www\minuts-meeting\system\Boot.php(67): CodeIgniter\Boot::runCodeIgniter(Object(CodeIgniter\CodeIgniter))
#14 C:\laragonnew\www\minuts-meeting\public\index.php(62): CodeIgniter\Boot::bootWeb(Object(Config\Paths))
#15 C:\laragonnew\www\minuts-meeting\system\rewrite.php(44): require_once('C:\\laragonnew\\w...')
#16 {main}
CRITICAL - 2025-06-19 03:28:17 --> CodeIgniter\Database\Exceptions\DatabaseException: Column 'topik' cannot be null
[Method: POST, Route: discussion/save]
in SYSTEMPATH\Database\BaseConnection.php on line 692.
 1 SYSTEMPATH\Database\BaseBuilder.php(2345): CodeIgniter\Database\BaseConnection->query('INSERT INTO `discussions` (`meeting_id`, `topik`, `pembahasan`, `tanggal`, `nama_notulis`, `created_at`, `updated_at`) VALUES (:meeting_id:, :topik:, :pembahasan:, :tanggal:, :nama_notulis:, :created_at:, :updated_at:)', [...], false)
 2 SYSTEMPATH\Model.php(394): CodeIgniter\Database\BaseBuilder->insert()
 3 SYSTEMPATH\BaseModel.php(843): CodeIgniter\Model->doInsert([...])
 4 SYSTEMPATH\Model.php(800): CodeIgniter\BaseModel->insert([...], false)
 5 SYSTEMPATH\BaseModel.php(754): CodeIgniter\Model->insert([...], false)
 6 APPPATH\Controllers\DiscussionController.php(32): CodeIgniter\BaseModel->save([...])
 7 SYSTEMPATH\CodeIgniter.php(933): App\Controllers\DiscussionController->save()
 8 SYSTEMPATH\CodeIgniter.php(507): CodeIgniter\CodeIgniter->runController(Object(App\Controllers\DiscussionController))
 9 SYSTEMPATH\CodeIgniter.php(354): CodeIgniter\CodeIgniter->handleRequest(null, Object(Config\Cache), false)
10 SYSTEMPATH\Boot.php(334): CodeIgniter\CodeIgniter->run()
11 SYSTEMPATH\Boot.php(67): CodeIgniter\Boot::runCodeIgniter(Object(CodeIgniter\CodeIgniter))
12 FCPATH\index.php(62): CodeIgniter\Boot::bootWeb(Object(Config\Paths))
13 SYSTEMPATH\rewrite.php(44): require_once('C:\\laragonnew\\www\\minuts-meeting\\public\\index.php')
CRITICAL - 2025-06-19 03:28:17 --> [Caused by] CodeIgniter\Database\Exceptions\DatabaseException: Column 'topik' cannot be null
in SYSTEMPATH\Database\MySQLi\Connection.php on line 332.
 1 SYSTEMPATH\Database\BaseConnection.php(738): CodeIgniter\Database\MySQLi\Connection->execute('INSERT INTO `discussions` (`meeting_id`, `topik`, `pembahasan`, `tanggal`, `nama_notulis`, `created_at`, `updated_at`) VALUES (\'2\', NULL, \'null\', NULL, NULL, \'2025-06-19 03:28:17\', \'2025-06-19 03:28:17\')')
 2 SYSTEMPATH\Database\BaseConnection.php(652): CodeIgniter\Database\BaseConnection->simpleQuery('INSERT INTO `discussions` (`meeting_id`, `topik`, `pembahasan`, `tanggal`, `nama_notulis`, `created_at`, `updated_at`) VALUES (\'2\', NULL, \'null\', NULL, NULL, \'2025-06-19 03:28:17\', \'2025-06-19 03:28:17\')')
 3 SYSTEMPATH\Database\BaseBuilder.php(2345): CodeIgniter\Database\BaseConnection->query('INSERT INTO `discussions` (`meeting_id`, `topik`, `pembahasan`, `tanggal`, `nama_notulis`, `created_at`, `updated_at`) VALUES (:meeting_id:, :topik:, :pembahasan:, :tanggal:, :nama_notulis:, :created_at:, :updated_at:)', [...], false)
 4 SYSTEMPATH\Model.php(394): CodeIgniter\Database\BaseBuilder->insert()
 5 SYSTEMPATH\BaseModel.php(843): CodeIgniter\Model->doInsert([...])
 6 SYSTEMPATH\Model.php(800): CodeIgniter\BaseModel->insert([...], false)
 7 SYSTEMPATH\BaseModel.php(754): CodeIgniter\Model->insert([...], false)
 8 APPPATH\Controllers\DiscussionController.php(32): CodeIgniter\BaseModel->save([...])
 9 SYSTEMPATH\CodeIgniter.php(933): App\Controllers\DiscussionController->save()
10 SYSTEMPATH\CodeIgniter.php(507): CodeIgniter\CodeIgniter->runController(Object(App\Controllers\DiscussionController))
11 SYSTEMPATH\CodeIgniter.php(354): CodeIgniter\CodeIgniter->handleRequest(null, Object(Config\Cache), false)
12 SYSTEMPATH\Boot.php(334): CodeIgniter\CodeIgniter->run()
13 SYSTEMPATH\Boot.php(67): CodeIgniter\Boot::runCodeIgniter(Object(CodeIgniter\CodeIgniter))
14 FCPATH\index.php(62): CodeIgniter\Boot::bootWeb(Object(Config\Paths))
15 SYSTEMPATH\rewrite.php(44): require_once('C:\\laragonnew\\www\\minuts-meeting\\public\\index.php')
CRITICAL - 2025-06-19 03:28:17 --> [Caused by] mysqli_sql_exception: Column 'topik' cannot be null
in SYSTEMPATH\Database\MySQLi\Connection.php on line 327.
 1 SYSTEMPATH\Database\MySQLi\Connection.php(327): mysqli->query('INSERT INTO `discussions` (`meeting_id`, `topik`, `pembahasan`, `tanggal`, `nama_notulis`, `created_at`, `updated_at`) VALUES (\'2\', NULL, \'null\', NULL, NULL, \'2025-06-19 03:28:17\', \'2025-06-19 03:28:17\')', 0)
 2 SYSTEMPATH\Database\BaseConnection.php(738): CodeIgniter\Database\MySQLi\Connection->execute('INSERT INTO `discussions` (`meeting_id`, `topik`, `pembahasan`, `tanggal`, `nama_notulis`, `created_at`, `updated_at`) VALUES (\'2\', NULL, \'null\', NULL, NULL, \'2025-06-19 03:28:17\', \'2025-06-19 03:28:17\')')
 3 SYSTEMPATH\Database\BaseConnection.php(652): CodeIgniter\Database\BaseConnection->simpleQuery('INSERT INTO `discussions` (`meeting_id`, `topik`, `pembahasan`, `tanggal`, `nama_notulis`, `created_at`, `updated_at`) VALUES (\'2\', NULL, \'null\', NULL, NULL, \'2025-06-19 03:28:17\', \'2025-06-19 03:28:17\')')
 4 SYSTEMPATH\Database\BaseBuilder.php(2345): CodeIgniter\Database\BaseConnection->query('INSERT INTO `discussions` (`meeting_id`, `topik`, `pembahasan`, `tanggal`, `nama_notulis`, `created_at`, `updated_at`) VALUES (:meeting_id:, :topik:, :pembahasan:, :tanggal:, :nama_notulis:, :created_at:, :updated_at:)', [...], false)
 5 SYSTEMPATH\Model.php(394): CodeIgniter\Database\BaseBuilder->insert()
 6 SYSTEMPATH\BaseModel.php(843): CodeIgniter\Model->doInsert([...])
 7 SYSTEMPATH\Model.php(800): CodeIgniter\BaseModel->insert([...], false)
 8 SYSTEMPATH\BaseModel.php(754): CodeIgniter\Model->insert([...], false)
 9 APPPATH\Controllers\DiscussionController.php(32): CodeIgniter\BaseModel->save([...])
10 SYSTEMPATH\CodeIgniter.php(933): App\Controllers\DiscussionController->save()
11 SYSTEMPATH\CodeIgniter.php(507): CodeIgniter\CodeIgniter->runController(Object(App\Controllers\DiscussionController))
12 SYSTEMPATH\CodeIgniter.php(354): CodeIgniter\CodeIgniter->handleRequest(null, Object(Config\Cache), false)
13 SYSTEMPATH\Boot.php(334): CodeIgniter\CodeIgniter->run()
14 SYSTEMPATH\Boot.php(67): CodeIgniter\Boot::runCodeIgniter(Object(CodeIgniter\CodeIgniter))
15 FCPATH\index.php(62): CodeIgniter\Boot::bootWeb(Object(Config\Paths))
16 SYSTEMPATH\rewrite.php(44): require_once('C:\\laragonnew\\www\\minuts-meeting\\public\\index.php')
ERROR - 2025-06-19 03:46:29 --> mysqli_sql_exception: Column 'topik' cannot be null in C:\laragonnew\www\minuts-meeting\system\Database\MySQLi\Connection.php:327
Stack trace:
#0 C:\laragonnew\www\minuts-meeting\system\Database\MySQLi\Connection.php(327): mysqli->query('INSERT INTO `di...', 0)
#1 C:\laragonnew\www\minuts-meeting\system\Database\BaseConnection.php(738): CodeIgniter\Database\MySQLi\Connection->execute('INSERT INTO `di...')
#2 C:\laragonnew\www\minuts-meeting\system\Database\BaseConnection.php(652): CodeIgniter\Database\BaseConnection->simpleQuery('INSERT INTO `di...')
#3 C:\laragonnew\www\minuts-meeting\system\Database\BaseBuilder.php(2345): CodeIgniter\Database\BaseConnection->query('INSERT INTO `di...', Array, false)
#4 C:\laragonnew\www\minuts-meeting\system\Model.php(394): CodeIgniter\Database\BaseBuilder->insert()
#5 C:\laragonnew\www\minuts-meeting\system\BaseModel.php(843): CodeIgniter\Model->doInsert(Array)
#6 C:\laragonnew\www\minuts-meeting\system\Model.php(800): CodeIgniter\BaseModel->insert(Array, false)
#7 C:\laragonnew\www\minuts-meeting\system\BaseModel.php(754): CodeIgniter\Model->insert(Array, false)
#8 C:\laragonnew\www\minuts-meeting\app\Controllers\DiscussionController.php(32): CodeIgniter\BaseModel->save(Array)
#9 C:\laragonnew\www\minuts-meeting\system\CodeIgniter.php(933): App\Controllers\DiscussionController->save()
#10 C:\laragonnew\www\minuts-meeting\system\CodeIgniter.php(507): CodeIgniter\CodeIgniter->runController(Object(App\Controllers\DiscussionController))
#11 C:\laragonnew\www\minuts-meeting\system\CodeIgniter.php(354): CodeIgniter\CodeIgniter->handleRequest(NULL, Object(Config\Cache), false)
#12 C:\laragonnew\www\minuts-meeting\system\Boot.php(334): CodeIgniter\CodeIgniter->run()
#13 C:\laragonnew\www\minuts-meeting\system\Boot.php(67): CodeIgniter\Boot::runCodeIgniter(Object(CodeIgniter\CodeIgniter))
#14 C:\laragonnew\www\minuts-meeting\public\index.php(62): CodeIgniter\Boot::bootWeb(Object(Config\Paths))
#15 C:\laragonnew\www\minuts-meeting\system\rewrite.php(44): require_once('C:\\laragonnew\\w...')
#16 {main}
CRITICAL - 2025-06-19 03:46:29 --> CodeIgniter\Database\Exceptions\DatabaseException: Column 'topik' cannot be null
[Method: POST, Route: discussion/save]
in SYSTEMPATH\Database\BaseConnection.php on line 692.
 1 SYSTEMPATH\Database\BaseBuilder.php(2345): CodeIgniter\Database\BaseConnection->query('INSERT INTO `discussions` (`meeting_id`, `topik`, `pembahasan`, `tanggal`, `nama_notulis`, `created_at`, `updated_at`) VALUES (:meeting_id:, :topik:, :pembahasan:, :tanggal:, :nama_notulis:, :created_at:, :updated_at:)', [...], false)
 2 SYSTEMPATH\Model.php(394): CodeIgniter\Database\BaseBuilder->insert()
 3 SYSTEMPATH\BaseModel.php(843): CodeIgniter\Model->doInsert([...])
 4 SYSTEMPATH\Model.php(800): CodeIgniter\BaseModel->insert([...], false)
 5 SYSTEMPATH\BaseModel.php(754): CodeIgniter\Model->insert([...], false)
 6 APPPATH\Controllers\DiscussionController.php(32): CodeIgniter\BaseModel->save([...])
 7 SYSTEMPATH\CodeIgniter.php(933): App\Controllers\DiscussionController->save()
 8 SYSTEMPATH\CodeIgniter.php(507): CodeIgniter\CodeIgniter->runController(Object(App\Controllers\DiscussionController))
 9 SYSTEMPATH\CodeIgniter.php(354): CodeIgniter\CodeIgniter->handleRequest(null, Object(Config\Cache), false)
10 SYSTEMPATH\Boot.php(334): CodeIgniter\CodeIgniter->run()
11 SYSTEMPATH\Boot.php(67): CodeIgniter\Boot::runCodeIgniter(Object(CodeIgniter\CodeIgniter))
12 FCPATH\index.php(62): CodeIgniter\Boot::bootWeb(Object(Config\Paths))
13 SYSTEMPATH\rewrite.php(44): require_once('C:\\laragonnew\\www\\minuts-meeting\\public\\index.php')
CRITICAL - 2025-06-19 03:46:29 --> [Caused by] CodeIgniter\Database\Exceptions\DatabaseException: Column 'topik' cannot be null
in SYSTEMPATH\Database\MySQLi\Connection.php on line 332.
 1 SYSTEMPATH\Database\BaseConnection.php(738): CodeIgniter\Database\MySQLi\Connection->execute('INSERT INTO `discussions` (`meeting_id`, `topik`, `pembahasan`, `tanggal`, `nama_notulis`, `created_at`, `updated_at`) VALUES (\'3\', NULL, \'null\', NULL, NULL, \'2025-06-19 03:46:29\', \'2025-06-19 03:46:29\')')
 2 SYSTEMPATH\Database\BaseConnection.php(652): CodeIgniter\Database\BaseConnection->simpleQuery('INSERT INTO `discussions` (`meeting_id`, `topik`, `pembahasan`, `tanggal`, `nama_notulis`, `created_at`, `updated_at`) VALUES (\'3\', NULL, \'null\', NULL, NULL, \'2025-06-19 03:46:29\', \'2025-06-19 03:46:29\')')
 3 SYSTEMPATH\Database\BaseBuilder.php(2345): CodeIgniter\Database\BaseConnection->query('INSERT INTO `discussions` (`meeting_id`, `topik`, `pembahasan`, `tanggal`, `nama_notulis`, `created_at`, `updated_at`) VALUES (:meeting_id:, :topik:, :pembahasan:, :tanggal:, :nama_notulis:, :created_at:, :updated_at:)', [...], false)
 4 SYSTEMPATH\Model.php(394): CodeIgniter\Database\BaseBuilder->insert()
 5 SYSTEMPATH\BaseModel.php(843): CodeIgniter\Model->doInsert([...])
 6 SYSTEMPATH\Model.php(800): CodeIgniter\BaseModel->insert([...], false)
 7 SYSTEMPATH\BaseModel.php(754): CodeIgniter\Model->insert([...], false)
 8 APPPATH\Controllers\DiscussionController.php(32): CodeIgniter\BaseModel->save([...])
 9 SYSTEMPATH\CodeIgniter.php(933): App\Controllers\DiscussionController->save()
10 SYSTEMPATH\CodeIgniter.php(507): CodeIgniter\CodeIgniter->runController(Object(App\Controllers\DiscussionController))
11 SYSTEMPATH\CodeIgniter.php(354): CodeIgniter\CodeIgniter->handleRequest(null, Object(Config\Cache), false)
12 SYSTEMPATH\Boot.php(334): CodeIgniter\CodeIgniter->run()
13 SYSTEMPATH\Boot.php(67): CodeIgniter\Boot::runCodeIgniter(Object(CodeIgniter\CodeIgniter))
14 FCPATH\index.php(62): CodeIgniter\Boot::bootWeb(Object(Config\Paths))
15 SYSTEMPATH\rewrite.php(44): require_once('C:\\laragonnew\\www\\minuts-meeting\\public\\index.php')
CRITICAL - 2025-06-19 03:46:29 --> [Caused by] mysqli_sql_exception: Column 'topik' cannot be null
in SYSTEMPATH\Database\MySQLi\Connection.php on line 327.
 1 SYSTEMPATH\Database\MySQLi\Connection.php(327): mysqli->query('INSERT INTO `discussions` (`meeting_id`, `topik`, `pembahasan`, `tanggal`, `nama_notulis`, `created_at`, `updated_at`) VALUES (\'3\', NULL, \'null\', NULL, NULL, \'2025-06-19 03:46:29\', \'2025-06-19 03:46:29\')', 0)
 2 SYSTEMPATH\Database\BaseConnection.php(738): CodeIgniter\Database\MySQLi\Connection->execute('INSERT INTO `discussions` (`meeting_id`, `topik`, `pembahasan`, `tanggal`, `nama_notulis`, `created_at`, `updated_at`) VALUES (\'3\', NULL, \'null\', NULL, NULL, \'2025-06-19 03:46:29\', \'2025-06-19 03:46:29\')')
 3 SYSTEMPATH\Database\BaseConnection.php(652): CodeIgniter\Database\BaseConnection->simpleQuery('INSERT INTO `discussions` (`meeting_id`, `topik`, `pembahasan`, `tanggal`, `nama_notulis`, `created_at`, `updated_at`) VALUES (\'3\', NULL, \'null\', NULL, NULL, \'2025-06-19 03:46:29\', \'2025-06-19 03:46:29\')')
 4 SYSTEMPATH\Database\BaseBuilder.php(2345): CodeIgniter\Database\BaseConnection->query('INSERT INTO `discussions` (`meeting_id`, `topik`, `pembahasan`, `tanggal`, `nama_notulis`, `created_at`, `updated_at`) VALUES (:meeting_id:, :topik:, :pembahasan:, :tanggal:, :nama_notulis:, :created_at:, :updated_at:)', [...], false)
 5 SYSTEMPATH\Model.php(394): CodeIgniter\Database\BaseBuilder->insert()
 6 SYSTEMPATH\BaseModel.php(843): CodeIgniter\Model->doInsert([...])
 7 SYSTEMPATH\Model.php(800): CodeIgniter\BaseModel->insert([...], false)
 8 SYSTEMPATH\BaseModel.php(754): CodeIgniter\Model->insert([...], false)
 9 APPPATH\Controllers\DiscussionController.php(32): CodeIgniter\BaseModel->save([...])
10 SYSTEMPATH\CodeIgniter.php(933): App\Controllers\DiscussionController->save()
11 SYSTEMPATH\CodeIgniter.php(507): CodeIgniter\CodeIgniter->runController(Object(App\Controllers\DiscussionController))
12 SYSTEMPATH\CodeIgniter.php(354): CodeIgniter\CodeIgniter->handleRequest(null, Object(Config\Cache), false)
13 SYSTEMPATH\Boot.php(334): CodeIgniter\CodeIgniter->run()
14 SYSTEMPATH\Boot.php(67): CodeIgniter\Boot::runCodeIgniter(Object(CodeIgniter\CodeIgniter))
15 FCPATH\index.php(62): CodeIgniter\Boot::bootWeb(Object(Config\Paths))
16 SYSTEMPATH\rewrite.php(44): require_once('C:\\laragonnew\\www\\minuts-meeting\\public\\index.php')
ERROR - 2025-06-19 03:50:10 --> mysqli_sql_exception: Column 'topik' cannot be null in C:\laragonnew\www\minuts-meeting\system\Database\MySQLi\Connection.php:327
Stack trace:
#0 C:\laragonnew\www\minuts-meeting\system\Database\MySQLi\Connection.php(327): mysqli->query('INSERT INTO `di...', 0)
#1 C:\laragonnew\www\minuts-meeting\system\Database\BaseConnection.php(738): CodeIgniter\Database\MySQLi\Connection->execute('INSERT INTO `di...')
#2 C:\laragonnew\www\minuts-meeting\system\Database\BaseConnection.php(652): CodeIgniter\Database\BaseConnection->simpleQuery('INSERT INTO `di...')
#3 C:\laragonnew\www\minuts-meeting\system\Database\BaseBuilder.php(2345): CodeIgniter\Database\BaseConnection->query('INSERT INTO `di...', Array, false)
#4 C:\laragonnew\www\minuts-meeting\system\Model.php(394): CodeIgniter\Database\BaseBuilder->insert()
#5 C:\laragonnew\www\minuts-meeting\system\BaseModel.php(843): CodeIgniter\Model->doInsert(Array)
#6 C:\laragonnew\www\minuts-meeting\system\Model.php(800): CodeIgniter\BaseModel->insert(Array, false)
#7 C:\laragonnew\www\minuts-meeting\system\BaseModel.php(754): CodeIgniter\Model->insert(Array, false)
#8 C:\laragonnew\www\minuts-meeting\app\Controllers\DiscussionController.php(32): CodeIgniter\BaseModel->save(Array)
#9 C:\laragonnew\www\minuts-meeting\system\CodeIgniter.php(933): App\Controllers\DiscussionController->save()
#10 C:\laragonnew\www\minuts-meeting\system\CodeIgniter.php(507): CodeIgniter\CodeIgniter->runController(Object(App\Controllers\DiscussionController))
#11 C:\laragonnew\www\minuts-meeting\system\CodeIgniter.php(354): CodeIgniter\CodeIgniter->handleRequest(NULL, Object(Config\Cache), false)
#12 C:\laragonnew\www\minuts-meeting\system\Boot.php(334): CodeIgniter\CodeIgniter->run()
#13 C:\laragonnew\www\minuts-meeting\system\Boot.php(67): CodeIgniter\Boot::runCodeIgniter(Object(CodeIgniter\CodeIgniter))
#14 C:\laragonnew\www\minuts-meeting\public\index.php(62): CodeIgniter\Boot::bootWeb(Object(Config\Paths))
#15 C:\laragonnew\www\minuts-meeting\system\rewrite.php(44): require_once('C:\\laragonnew\\w...')
#16 {main}
CRITICAL - 2025-06-19 03:50:10 --> CodeIgniter\Database\Exceptions\DatabaseException: Column 'topik' cannot be null
[Method: POST, Route: discussion/save]
in SYSTEMPATH\Database\BaseConnection.php on line 692.
 1 SYSTEMPATH\Database\BaseBuilder.php(2345): CodeIgniter\Database\BaseConnection->query('INSERT INTO `discussions` (`meeting_id`, `topik`, `pembahasan`, `tanggal`, `nama_notulis`, `created_at`, `updated_at`) VALUES (:meeting_id:, :topik:, :pembahasan:, :tanggal:, :nama_notulis:, :created_at:, :updated_at:)', [...], false)
 2 SYSTEMPATH\Model.php(394): CodeIgniter\Database\BaseBuilder->insert()
 3 SYSTEMPATH\BaseModel.php(843): CodeIgniter\Model->doInsert([...])
 4 SYSTEMPATH\Model.php(800): CodeIgniter\BaseModel->insert([...], false)
 5 SYSTEMPATH\BaseModel.php(754): CodeIgniter\Model->insert([...], false)
 6 APPPATH\Controllers\DiscussionController.php(32): CodeIgniter\BaseModel->save([...])
 7 SYSTEMPATH\CodeIgniter.php(933): App\Controllers\DiscussionController->save()
 8 SYSTEMPATH\CodeIgniter.php(507): CodeIgniter\CodeIgniter->runController(Object(App\Controllers\DiscussionController))
 9 SYSTEMPATH\CodeIgniter.php(354): CodeIgniter\CodeIgniter->handleRequest(null, Object(Config\Cache), false)
10 SYSTEMPATH\Boot.php(334): CodeIgniter\CodeIgniter->run()
11 SYSTEMPATH\Boot.php(67): CodeIgniter\Boot::runCodeIgniter(Object(CodeIgniter\CodeIgniter))
12 FCPATH\index.php(62): CodeIgniter\Boot::bootWeb(Object(Config\Paths))
13 SYSTEMPATH\rewrite.php(44): require_once('C:\\laragonnew\\www\\minuts-meeting\\public\\index.php')
CRITICAL - 2025-06-19 03:50:10 --> [Caused by] CodeIgniter\Database\Exceptions\DatabaseException: Column 'topik' cannot be null
in SYSTEMPATH\Database\MySQLi\Connection.php on line 332.
 1 SYSTEMPATH\Database\BaseConnection.php(738): CodeIgniter\Database\MySQLi\Connection->execute('INSERT INTO `discussions` (`meeting_id`, `topik`, `pembahasan`, `tanggal`, `nama_notulis`, `created_at`, `updated_at`) VALUES (\'1\', NULL, \'null\', NULL, NULL, \'2025-06-19 03:50:10\', \'2025-06-19 03:50:10\')')
 2 SYSTEMPATH\Database\BaseConnection.php(652): CodeIgniter\Database\BaseConnection->simpleQuery('INSERT INTO `discussions` (`meeting_id`, `topik`, `pembahasan`, `tanggal`, `nama_notulis`, `created_at`, `updated_at`) VALUES (\'1\', NULL, \'null\', NULL, NULL, \'2025-06-19 03:50:10\', \'2025-06-19 03:50:10\')')
 3 SYSTEMPATH\Database\BaseBuilder.php(2345): CodeIgniter\Database\BaseConnection->query('INSERT INTO `discussions` (`meeting_id`, `topik`, `pembahasan`, `tanggal`, `nama_notulis`, `created_at`, `updated_at`) VALUES (:meeting_id:, :topik:, :pembahasan:, :tanggal:, :nama_notulis:, :created_at:, :updated_at:)', [...], false)
 4 SYSTEMPATH\Model.php(394): CodeIgniter\Database\BaseBuilder->insert()
 5 SYSTEMPATH\BaseModel.php(843): CodeIgniter\Model->doInsert([...])
 6 SYSTEMPATH\Model.php(800): CodeIgniter\BaseModel->insert([...], false)
 7 SYSTEMPATH\BaseModel.php(754): CodeIgniter\Model->insert([...], false)
 8 APPPATH\Controllers\DiscussionController.php(32): CodeIgniter\BaseModel->save([...])
 9 SYSTEMPATH\CodeIgniter.php(933): App\Controllers\DiscussionController->save()
10 SYSTEMPATH\CodeIgniter.php(507): CodeIgniter\CodeIgniter->runController(Object(App\Controllers\DiscussionController))
11 SYSTEMPATH\CodeIgniter.php(354): CodeIgniter\CodeIgniter->handleRequest(null, Object(Config\Cache), false)
12 SYSTEMPATH\Boot.php(334): CodeIgniter\CodeIgniter->run()
13 SYSTEMPATH\Boot.php(67): CodeIgniter\Boot::runCodeIgniter(Object(CodeIgniter\CodeIgniter))
14 FCPATH\index.php(62): CodeIgniter\Boot::bootWeb(Object(Config\Paths))
15 SYSTEMPATH\rewrite.php(44): require_once('C:\\laragonnew\\www\\minuts-meeting\\public\\index.php')
CRITICAL - 2025-06-19 03:50:10 --> [Caused by] mysqli_sql_exception: Column 'topik' cannot be null
in SYSTEMPATH\Database\MySQLi\Connection.php on line 327.
 1 SYSTEMPATH\Database\MySQLi\Connection.php(327): mysqli->query('INSERT INTO `discussions` (`meeting_id`, `topik`, `pembahasan`, `tanggal`, `nama_notulis`, `created_at`, `updated_at`) VALUES (\'1\', NULL, \'null\', NULL, NULL, \'2025-06-19 03:50:10\', \'2025-06-19 03:50:10\')', 0)
 2 SYSTEMPATH\Database\BaseConnection.php(738): CodeIgniter\Database\MySQLi\Connection->execute('INSERT INTO `discussions` (`meeting_id`, `topik`, `pembahasan`, `tanggal`, `nama_notulis`, `created_at`, `updated_at`) VALUES (\'1\', NULL, \'null\', NULL, NULL, \'2025-06-19 03:50:10\', \'2025-06-19 03:50:10\')')
 3 SYSTEMPATH\Database\BaseConnection.php(652): CodeIgniter\Database\BaseConnection->simpleQuery('INSERT INTO `discussions` (`meeting_id`, `topik`, `pembahasan`, `tanggal`, `nama_notulis`, `created_at`, `updated_at`) VALUES (\'1\', NULL, \'null\', NULL, NULL, \'2025-06-19 03:50:10\', \'2025-06-19 03:50:10\')')
 4 SYSTEMPATH\Database\BaseBuilder.php(2345): CodeIgniter\Database\BaseConnection->query('INSERT INTO `discussions` (`meeting_id`, `topik`, `pembahasan`, `tanggal`, `nama_notulis`, `created_at`, `updated_at`) VALUES (:meeting_id:, :topik:, :pembahasan:, :tanggal:, :nama_notulis:, :created_at:, :updated_at:)', [...], false)
 5 SYSTEMPATH\Model.php(394): CodeIgniter\Database\BaseBuilder->insert()
 6 SYSTEMPATH\BaseModel.php(843): CodeIgniter\Model->doInsert([...])
 7 SYSTEMPATH\Model.php(800): CodeIgniter\BaseModel->insert([...], false)
 8 SYSTEMPATH\BaseModel.php(754): CodeIgniter\Model->insert([...], false)
 9 APPPATH\Controllers\DiscussionController.php(32): CodeIgniter\BaseModel->save([...])
10 SYSTEMPATH\CodeIgniter.php(933): App\Controllers\DiscussionController->save()
11 SYSTEMPATH\CodeIgniter.php(507): CodeIgniter\CodeIgniter->runController(Object(App\Controllers\DiscussionController))
12 SYSTEMPATH\CodeIgniter.php(354): CodeIgniter\CodeIgniter->handleRequest(null, Object(Config\Cache), false)
13 SYSTEMPATH\Boot.php(334): CodeIgniter\CodeIgniter->run()
14 SYSTEMPATH\Boot.php(67): CodeIgniter\Boot::runCodeIgniter(Object(CodeIgniter\CodeIgniter))
15 FCPATH\index.php(62): CodeIgniter\Boot::bootWeb(Object(Config\Paths))
16 SYSTEMPATH\rewrite.php(44): require_once('C:\\laragonnew\\www\\minuts-meeting\\public\\index.php')
CRITICAL - 2025-06-19 04:07:08 --> ErrorException: Cannot redeclare App\Controllers\AuthController::profil()
[Method: GET, Route: akun]
in APPPATH\Controllers\AuthController.php on line 139.
 1 [internal function]: CodeIgniter\Debug\Exceptions->shutdownHandler()
DEBUG - 2025-06-19 04:08:32 --> Session: Class initialized using 'CodeIgniter\Session\Handlers\FileHandler' driver.
CRITICAL - 2025-06-19 04:08:32 --> CodeIgniter\View\Exceptions\ViewException: Invalid file: "user/profil.php"
[Method: GET, Route: akun]
in SYSTEMPATH\Exceptions\FrameworkException.php on line 39.
 1 SYSTEMPATH\View\View.php(212): CodeIgniter\Exceptions\FrameworkException::forInvalidFile('user/profil.php')
 2 SYSTEMPATH\Common.php(1173): CodeIgniter\View\View->render('user/profil', [], true)
 3 APPPATH\Controllers\AuthController.php(137): view('user/profil', [...])
 4 SYSTEMPATH\CodeIgniter.php(933): App\Controllers\AuthController->profil()
 5 SYSTEMPATH\CodeIgniter.php(507): CodeIgniter\CodeIgniter->runController(Object(App\Controllers\AuthController))
 6 SYSTEMPATH\CodeIgniter.php(354): CodeIgniter\CodeIgniter->handleRequest(null, Object(Config\Cache), false)
 7 SYSTEMPATH\Boot.php(334): CodeIgniter\CodeIgniter->run()
 8 SYSTEMPATH\Boot.php(67): CodeIgniter\Boot::runCodeIgniter(Object(CodeIgniter\CodeIgniter))
 9 FCPATH\index.php(62): CodeIgniter\Boot::bootWeb(Object(Config\Paths))
10 SYSTEMPATH\rewrite.php(44): require_once('C:\\laragonnew\\www\\minuts-meeting\\public\\index.php')
DEBUG - 2025-06-19 04:09:45 --> Session: Class initialized using 'CodeIgniter\Session\Handlers\FileHandler' driver.
CRITICAL - 2025-06-19 04:09:45 --> ErrorException: Undefined array key "foto"
[Method: GET, Route: akun]
in APPPATH\Views\auth\profil.php on line 27.
 1 APPPATH\Views\auth\profil.php(27): CodeIgniter\Debug\Exceptions->errorHandler(2, 'Undefined array key "foto"', 'C:\\laragonnew\\www\\minuts-meeting\\app\\Views\\auth\\profil.php', 27)
 2 SYSTEMPATH\View\View.php(224): include('C:\\laragonnew\\www\\minuts-meeting\\app\\Views\\auth\\profil.php')
 3 SYSTEMPATH\View\View.php(227): CodeIgniter\View\View->CodeIgniter\View\{closure}()
 4 SYSTEMPATH\Common.php(1173): CodeIgniter\View\View->render('auth/profil', [], true)
 5 APPPATH\Controllers\AuthController.php(137): view('auth/profil', [...])
 6 SYSTEMPATH\CodeIgniter.php(933): App\Controllers\AuthController->profil()
 7 SYSTEMPATH\CodeIgniter.php(507): CodeIgniter\CodeIgniter->runController(Object(App\Controllers\AuthController))
 8 SYSTEMPATH\CodeIgniter.php(354): CodeIgniter\CodeIgniter->handleRequest(null, Object(Config\Cache), false)
 9 SYSTEMPATH\Boot.php(334): CodeIgniter\CodeIgniter->run()
10 SYSTEMPATH\Boot.php(67): CodeIgniter\Boot::runCodeIgniter(Object(CodeIgniter\CodeIgniter))
11 FCPATH\index.php(62): CodeIgniter\Boot::bootWeb(Object(Config\Paths))
12 SYSTEMPATH\rewrite.php(44): require_once('C:\\laragonnew\\www\\minuts-meeting\\public\\index.php')
DEBUG - 2025-06-19 04:11:16 --> Session: Class initialized using 'CodeIgniter\Session\Handlers\FileHandler' driver.
CRITICAL - 2025-06-19 04:11:16 --> ErrorException: Undefined array key "foto"
[Method: GET, Route: akun]
in APPPATH\Views\auth\profil.php on line 27.
 1 APPPATH\Views\auth\profil.php(27): CodeIgniter\Debug\Exceptions->errorHandler(2, 'Undefined array key "foto"', 'C:\\laragonnew\\www\\minuts-meeting\\app\\Views\\auth\\profil.php', 27)
 2 SYSTEMPATH\View\View.php(224): include('C:\\laragonnew\\www\\minuts-meeting\\app\\Views\\auth\\profil.php')
 3 SYSTEMPATH\View\View.php(227): CodeIgniter\View\View->CodeIgniter\View\{closure}()
 4 SYSTEMPATH\Common.php(1173): CodeIgniter\View\View->render('auth/profil', [], true)
 5 APPPATH\Controllers\AuthController.php(137): view('auth/profil', [...])
 6 SYSTEMPATH\CodeIgniter.php(933): App\Controllers\AuthController->profil()
 7 SYSTEMPATH\CodeIgniter.php(507): CodeIgniter\CodeIgniter->runController(Object(App\Controllers\AuthController))
 8 SYSTEMPATH\CodeIgniter.php(354): CodeIgniter\CodeIgniter->handleRequest(null, Object(Config\Cache), false)
 9 SYSTEMPATH\Boot.php(334): CodeIgniter\CodeIgniter->run()
10 SYSTEMPATH\Boot.php(67): CodeIgniter\Boot::runCodeIgniter(Object(CodeIgniter\CodeIgniter))
11 FCPATH\index.php(62): CodeIgniter\Boot::bootWeb(Object(Config\Paths))
12 SYSTEMPATH\rewrite.php(44): require_once('C:\\laragonnew\\www\\minuts-meeting\\public\\index.php')
DEBUG - 2025-06-19 04:15:24 --> Session: Class initialized using 'CodeIgniter\Session\Handlers\FileHandler' driver.
CRITICAL - 2025-06-19 04:15:24 --> ErrorException: Undefined array key "foto"
[Method: GET, Route: akun]
in APPPATH\Views\auth\profil.php on line 27.
 1 APPPATH\Views\auth\profil.php(27): CodeIgniter\Debug\Exceptions->errorHandler(2, 'Undefined array key "foto"', 'C:\\laragonnew\\www\\minuts-meeting\\app\\Views\\auth\\profil.php', 27)
 2 SYSTEMPATH\View\View.php(224): include('C:\\laragonnew\\www\\minuts-meeting\\app\\Views\\auth\\profil.php')
 3 SYSTEMPATH\View\View.php(227): CodeIgniter\View\View->CodeIgniter\View\{closure}()
 4 SYSTEMPATH\Common.php(1173): CodeIgniter\View\View->render('auth/profil', [], true)
 5 APPPATH\Controllers\AuthController.php(137): view('auth/profil', [...])
 6 SYSTEMPATH\CodeIgniter.php(933): App\Controllers\AuthController->profil()
 7 SYSTEMPATH\CodeIgniter.php(507): CodeIgniter\CodeIgniter->runController(Object(App\Controllers\AuthController))
 8 SYSTEMPATH\CodeIgniter.php(354): CodeIgniter\CodeIgniter->handleRequest(null, Object(Config\Cache), false)
 9 SYSTEMPATH\Boot.php(334): CodeIgniter\CodeIgniter->run()
10 SYSTEMPATH\Boot.php(67): CodeIgniter\Boot::runCodeIgniter(Object(CodeIgniter\CodeIgniter))
11 FCPATH\index.php(62): CodeIgniter\Boot::bootWeb(Object(Config\Paths))
12 SYSTEMPATH\rewrite.php(44): require_once('C:\\laragonnew\\www\\minuts-meeting\\public\\index.php')
DEBUG - 2025-06-19 04:15:28 --> Session: Class initialized using 'CodeIgniter\Session\Handlers\FileHandler' driver.
CRITICAL - 2025-06-19 04:15:28 --> ErrorException: Undefined array key "foto"
[Method: GET, Route: akun]
in APPPATH\Views\auth\profil.php on line 27.
 1 APPPATH\Views\auth\profil.php(27): CodeIgniter\Debug\Exceptions->errorHandler(2, 'Undefined array key "foto"', 'C:\\laragonnew\\www\\minuts-meeting\\app\\Views\\auth\\profil.php', 27)
 2 SYSTEMPATH\View\View.php(224): include('C:\\laragonnew\\www\\minuts-meeting\\app\\Views\\auth\\profil.php')
 3 SYSTEMPATH\View\View.php(227): CodeIgniter\View\View->CodeIgniter\View\{closure}()
 4 SYSTEMPATH\Common.php(1173): CodeIgniter\View\View->render('auth/profil', [], true)
 5 APPPATH\Controllers\AuthController.php(137): view('auth/profil', [...])
 6 SYSTEMPATH\CodeIgniter.php(933): App\Controllers\AuthController->profil()
 7 SYSTEMPATH\CodeIgniter.php(507): CodeIgniter\CodeIgniter->runController(Object(App\Controllers\AuthController))
 8 SYSTEMPATH\CodeIgniter.php(354): CodeIgniter\CodeIgniter->handleRequest(null, Object(Config\Cache), false)
 9 SYSTEMPATH\Boot.php(334): CodeIgniter\CodeIgniter->run()
10 SYSTEMPATH\Boot.php(67): CodeIgniter\Boot::runCodeIgniter(Object(CodeIgniter\CodeIgniter))
11 FCPATH\index.php(62): CodeIgniter\Boot::bootWeb(Object(Config\Paths))
12 SYSTEMPATH\rewrite.php(44): require_once('C:\\laragonnew\\www\\minuts-meeting\\public\\index.php')
DEBUG - 2025-06-19 04:15:30 --> Session: Class initialized using 'CodeIgniter\Session\Handlers\FileHandler' driver.
CRITICAL - 2025-06-19 04:15:30 --> ErrorException: Undefined array key "foto"
[Method: GET, Route: akun]
in APPPATH\Views\auth\profil.php on line 27.
 1 APPPATH\Views\auth\profil.php(27): CodeIgniter\Debug\Exceptions->errorHandler(2, 'Undefined array key "foto"', 'C:\\laragonnew\\www\\minuts-meeting\\app\\Views\\auth\\profil.php', 27)
 2 SYSTEMPATH\View\View.php(224): include('C:\\laragonnew\\www\\minuts-meeting\\app\\Views\\auth\\profil.php')
 3 SYSTEMPATH\View\View.php(227): CodeIgniter\View\View->CodeIgniter\View\{closure}()
 4 SYSTEMPATH\Common.php(1173): CodeIgniter\View\View->render('auth/profil', [], true)
 5 APPPATH\Controllers\AuthController.php(137): view('auth/profil', [...])
 6 SYSTEMPATH\CodeIgniter.php(933): App\Controllers\AuthController->profil()
 7 SYSTEMPATH\CodeIgniter.php(507): CodeIgniter\CodeIgniter->runController(Object(App\Controllers\AuthController))
 8 SYSTEMPATH\CodeIgniter.php(354): CodeIgniter\CodeIgniter->handleRequest(null, Object(Config\Cache), false)
 9 SYSTEMPATH\Boot.php(334): CodeIgniter\CodeIgniter->run()
10 SYSTEMPATH\Boot.php(67): CodeIgniter\Boot::runCodeIgniter(Object(CodeIgniter\CodeIgniter))
11 FCPATH\index.php(62): CodeIgniter\Boot::bootWeb(Object(Config\Paths))
12 SYSTEMPATH\rewrite.php(44): require_once('C:\\laragonnew\\www\\minuts-meeting\\public\\index.php')
DEBUG - 2025-06-19 04:15:32 --> Session: Class initialized using 'CodeIgniter\Session\Handlers\FileHandler' driver.
CRITICAL - 2025-06-19 04:15:32 --> ErrorException: Undefined array key "foto"
[Method: GET, Route: akun]
in APPPATH\Views\auth\profil.php on line 27.
 1 APPPATH\Views\auth\profil.php(27): CodeIgniter\Debug\Exceptions->errorHandler(2, 'Undefined array key "foto"', 'C:\\laragonnew\\www\\minuts-meeting\\app\\Views\\auth\\profil.php', 27)
 2 SYSTEMPATH\View\View.php(224): include('C:\\laragonnew\\www\\minuts-meeting\\app\\Views\\auth\\profil.php')
 3 SYSTEMPATH\View\View.php(227): CodeIgniter\View\View->CodeIgniter\View\{closure}()
 4 SYSTEMPATH\Common.php(1173): CodeIgniter\View\View->render('auth/profil', [], true)
 5 APPPATH\Controllers\AuthController.php(137): view('auth/profil', [...])
 6 SYSTEMPATH\CodeIgniter.php(933): App\Controllers\AuthController->profil()
 7 SYSTEMPATH\CodeIgniter.php(507): CodeIgniter\CodeIgniter->runController(Object(App\Controllers\AuthController))
 8 SYSTEMPATH\CodeIgniter.php(354): CodeIgniter\CodeIgniter->handleRequest(null, Object(Config\Cache), false)
 9 SYSTEMPATH\Boot.php(334): CodeIgniter\CodeIgniter->run()
10 SYSTEMPATH\Boot.php(67): CodeIgniter\Boot::runCodeIgniter(Object(CodeIgniter\CodeIgniter))
11 FCPATH\index.php(62): CodeIgniter\Boot::bootWeb(Object(Config\Paths))
12 SYSTEMPATH\rewrite.php(44): require_once('C:\\laragonnew\\www\\minuts-meeting\\public\\index.php')
DEBUG - 2025-06-19 04:16:33 --> Session: Class initialized using 'CodeIgniter\Session\Handlers\FileHandler' driver.
CRITICAL - 2025-06-19 04:16:33 --> ErrorException: Undefined array key "foto"
[Method: GET, Route: akun]
in APPPATH\Views\auth\profil.php on line 27.
 1 APPPATH\Views\auth\profil.php(27): CodeIgniter\Debug\Exceptions->errorHandler(2, 'Undefined array key "foto"', 'C:\\laragonnew\\www\\minuts-meeting\\app\\Views\\auth\\profil.php', 27)
 2 SYSTEMPATH\View\View.php(224): include('C:\\laragonnew\\www\\minuts-meeting\\app\\Views\\auth\\profil.php')
 3 SYSTEMPATH\View\View.php(227): CodeIgniter\View\View->CodeIgniter\View\{closure}()
 4 SYSTEMPATH\Common.php(1173): CodeIgniter\View\View->render('auth/profil', [], true)
 5 APPPATH\Controllers\AuthController.php(137): view('auth/profil', [...])
 6 SYSTEMPATH\CodeIgniter.php(933): App\Controllers\AuthController->profil()
 7 SYSTEMPATH\CodeIgniter.php(507): CodeIgniter\CodeIgniter->runController(Object(App\Controllers\AuthController))
 8 SYSTEMPATH\CodeIgniter.php(354): CodeIgniter\CodeIgniter->handleRequest(null, Object(Config\Cache), false)
 9 SYSTEMPATH\Boot.php(334): CodeIgniter\CodeIgniter->run()
10 SYSTEMPATH\Boot.php(67): CodeIgniter\Boot::runCodeIgniter(Object(CodeIgniter\CodeIgniter))
11 FCPATH\index.php(62): CodeIgniter\Boot::bootWeb(Object(Config\Paths))
12 SYSTEMPATH\rewrite.php(44): require_once('C:\\laragonnew\\www\\minuts-meeting\\public\\index.php')
DEBUG - 2025-06-19 04:16:37 --> Session: Class initialized using 'CodeIgniter\Session\Handlers\FileHandler' driver.
CRITICAL - 2025-06-19 04:16:37 --> ErrorException: Undefined array key "foto"
[Method: GET, Route: akun]
in APPPATH\Views\auth\profil.php on line 27.
 1 APPPATH\Views\auth\profil.php(27): CodeIgniter\Debug\Exceptions->errorHandler(2, 'Undefined array key "foto"', 'C:\\laragonnew\\www\\minuts-meeting\\app\\Views\\auth\\profil.php', 27)
 2 SYSTEMPATH\View\View.php(224): include('C:\\laragonnew\\www\\minuts-meeting\\app\\Views\\auth\\profil.php')
 3 SYSTEMPATH\View\View.php(227): CodeIgniter\View\View->CodeIgniter\View\{closure}()
 4 SYSTEMPATH\Common.php(1173): CodeIgniter\View\View->render('auth/profil', [], true)
 5 APPPATH\Controllers\AuthController.php(137): view('auth/profil', [...])
 6 SYSTEMPATH\CodeIgniter.php(933): App\Controllers\AuthController->profil()
 7 SYSTEMPATH\CodeIgniter.php(507): CodeIgniter\CodeIgniter->runController(Object(App\Controllers\AuthController))
 8 SYSTEMPATH\CodeIgniter.php(354): CodeIgniter\CodeIgniter->handleRequest(null, Object(Config\Cache), false)
 9 SYSTEMPATH\Boot.php(334): CodeIgniter\CodeIgniter->run()
10 SYSTEMPATH\Boot.php(67): CodeIgniter\Boot::runCodeIgniter(Object(CodeIgniter\CodeIgniter))
11 FCPATH\index.php(62): CodeIgniter\Boot::bootWeb(Object(Config\Paths))
12 SYSTEMPATH\rewrite.php(44): require_once('C:\\laragonnew\\www\\minuts-meeting\\public\\index.php')
DEBUG - 2025-06-19 04:18:49 --> Session: Class initialized using 'CodeIgniter\Session\Handlers\FileHandler' driver.
CRITICAL - 2025-06-19 04:18:49 --> ErrorException: Undefined array key "foto"
[Method: GET, Route: akun]
in APPPATH\Views\auth\profil.php on line 27.
 1 APPPATH\Views\auth\profil.php(27): CodeIgniter\Debug\Exceptions->errorHandler(2, 'Undefined array key "foto"', 'C:\\laragonnew\\www\\minuts-meeting\\app\\Views\\auth\\profil.php', 27)
 2 SYSTEMPATH\View\View.php(224): include('C:\\laragonnew\\www\\minuts-meeting\\app\\Views\\auth\\profil.php')
 3 SYSTEMPATH\View\View.php(227): CodeIgniter\View\View->CodeIgniter\View\{closure}()
 4 SYSTEMPATH\Common.php(1173): CodeIgniter\View\View->render('auth/profil', [], true)
 5 APPPATH\Controllers\AuthController.php(137): view('auth/profil', [...])
 6 SYSTEMPATH\CodeIgniter.php(933): App\Controllers\AuthController->profil()
 7 SYSTEMPATH\CodeIgniter.php(507): CodeIgniter\CodeIgniter->runController(Object(App\Controllers\AuthController))
 8 SYSTEMPATH\CodeIgniter.php(354): CodeIgniter\CodeIgniter->handleRequest(null, Object(Config\Cache), false)
 9 SYSTEMPATH\Boot.php(334): CodeIgniter\CodeIgniter->run()
10 SYSTEMPATH\Boot.php(67): CodeIgniter\Boot::runCodeIgniter(Object(CodeIgniter\CodeIgniter))
11 FCPATH\index.php(62): CodeIgniter\Boot::bootWeb(Object(Config\Paths))
12 SYSTEMPATH\rewrite.php(44): require_once('C:\\laragonnew\\www\\minuts-meeting\\public\\index.php')
DEBUG - 2025-06-19 04:20:09 --> Session: Class initialized using 'CodeIgniter\Session\Handlers\FileHandler' driver.
CRITICAL - 2025-06-19 04:20:09 --> ErrorException: Undefined variable $users
[Method: GET, Route: akun]
in APPPATH\Views\auth\profil.php on line 27.
 1 APPPATH\Views\auth\profil.php(27): CodeIgniter\Debug\Exceptions->errorHandler(2, 'Undefined variable $users', 'C:\\laragonnew\\www\\minuts-meeting\\app\\Views\\auth\\profil.php', 27)
 2 SYSTEMPATH\View\View.php(224): include('C:\\laragonnew\\www\\minuts-meeting\\app\\Views\\auth\\profil.php')
 3 SYSTEMPATH\View\View.php(227): CodeIgniter\View\View->CodeIgniter\View\{closure}()
 4 SYSTEMPATH\Common.php(1173): CodeIgniter\View\View->render('auth/profil', [], true)
 5 APPPATH\Controllers\AuthController.php(137): view('auth/profil', [...])
 6 SYSTEMPATH\CodeIgniter.php(933): App\Controllers\AuthController->profil()
 7 SYSTEMPATH\CodeIgniter.php(507): CodeIgniter\CodeIgniter->runController(Object(App\Controllers\AuthController))
 8 SYSTEMPATH\CodeIgniter.php(354): CodeIgniter\CodeIgniter->handleRequest(null, Object(Config\Cache), false)
 9 SYSTEMPATH\Boot.php(334): CodeIgniter\CodeIgniter->run()
10 SYSTEMPATH\Boot.php(67): CodeIgniter\Boot::runCodeIgniter(Object(CodeIgniter\CodeIgniter))
11 FCPATH\index.php(62): CodeIgniter\Boot::bootWeb(Object(Config\Paths))
12 SYSTEMPATH\rewrite.php(44): require_once('C:\\laragonnew\\www\\minuts-meeting\\public\\index.php')
DEBUG - 2025-06-19 04:21:00 --> Session: Class initialized using 'CodeIgniter\Session\Handlers\FileHandler' driver.
CRITICAL - 2025-06-19 04:21:00 --> ErrorException: Undefined array key "role"
[Method: GET, Route: akun]
in APPPATH\Views\auth\profil.php on line 27.
 1 APPPATH\Views\auth\profil.php(27): CodeIgniter\Debug\Exceptions->errorHandler(2, 'Undefined array key "role"', 'C:\\laragonnew\\www\\minuts-meeting\\app\\Views\\auth\\profil.php', 27)
 2 SYSTEMPATH\View\View.php(224): include('C:\\laragonnew\\www\\minuts-meeting\\app\\Views\\auth\\profil.php')
 3 SYSTEMPATH\View\View.php(227): CodeIgniter\View\View->CodeIgniter\View\{closure}()
 4 SYSTEMPATH\Common.php(1173): CodeIgniter\View\View->render('auth/profil', [], true)
 5 APPPATH\Controllers\AuthController.php(137): view('auth/profil', [...])
 6 SYSTEMPATH\CodeIgniter.php(933): App\Controllers\AuthController->profil()
 7 SYSTEMPATH\CodeIgniter.php(507): CodeIgniter\CodeIgniter->runController(Object(App\Controllers\AuthController))
 8 SYSTEMPATH\CodeIgniter.php(354): CodeIgniter\CodeIgniter->handleRequest(null, Object(Config\Cache), false)
 9 SYSTEMPATH\Boot.php(334): CodeIgniter\CodeIgniter->run()
10 SYSTEMPATH\Boot.php(67): CodeIgniter\Boot::runCodeIgniter(Object(CodeIgniter\CodeIgniter))
11 FCPATH\index.php(62): CodeIgniter\Boot::bootWeb(Object(Config\Paths))
12 SYSTEMPATH\rewrite.php(44): require_once('C:\\laragonnew\\www\\minuts-meeting\\public\\index.php')
DEBUG - 2025-06-19 04:21:03 --> Session: Class initialized using 'CodeIgniter\Session\Handlers\FileHandler' driver.
CRITICAL - 2025-06-19 04:21:03 --> ErrorException: Undefined array key "role"
[Method: GET, Route: akun]
in APPPATH\Views\auth\profil.php on line 27.
 1 APPPATH\Views\auth\profil.php(27): CodeIgniter\Debug\Exceptions->errorHandler(2, 'Undefined array key "role"', 'C:\\laragonnew\\www\\minuts-meeting\\app\\Views\\auth\\profil.php', 27)
 2 SYSTEMPATH\View\View.php(224): include('C:\\laragonnew\\www\\minuts-meeting\\app\\Views\\auth\\profil.php')
 3 SYSTEMPATH\View\View.php(227): CodeIgniter\View\View->CodeIgniter\View\{closure}()
 4 SYSTEMPATH\Common.php(1173): CodeIgniter\View\View->render('auth/profil', [], true)
 5 APPPATH\Controllers\AuthController.php(137): view('auth/profil', [...])
 6 SYSTEMPATH\CodeIgniter.php(933): App\Controllers\AuthController->profil()
 7 SYSTEMPATH\CodeIgniter.php(507): CodeIgniter\CodeIgniter->runController(Object(App\Controllers\AuthController))
 8 SYSTEMPATH\CodeIgniter.php(354): CodeIgniter\CodeIgniter->handleRequest(null, Object(Config\Cache), false)
 9 SYSTEMPATH\Boot.php(334): CodeIgniter\CodeIgniter->run()
10 SYSTEMPATH\Boot.php(67): CodeIgniter\Boot::runCodeIgniter(Object(CodeIgniter\CodeIgniter))
11 FCPATH\index.php(62): CodeIgniter\Boot::bootWeb(Object(Config\Paths))
12 SYSTEMPATH\rewrite.php(44): require_once('C:\\laragonnew\\www\\minuts-meeting\\public\\index.php')
DEBUG - 2025-06-19 04:21:15 --> Session: Class initialized using 'CodeIgniter\Session\Handlers\FileHandler' driver.
CRITICAL - 2025-06-19 04:21:15 --> ErrorException: Undefined array key "email"
[Method: GET, Route: akun]
in APPPATH\Views\auth\profil.php on line 28.
 1 APPPATH\Views\auth\profil.php(28): CodeIgniter\Debug\Exceptions->errorHandler(2, 'Undefined array key "email"', 'C:\\laragonnew\\www\\minuts-meeting\\app\\Views\\auth\\profil.php', 28)
 2 SYSTEMPATH\View\View.php(224): include('C:\\laragonnew\\www\\minuts-meeting\\app\\Views\\auth\\profil.php')
 3 SYSTEMPATH\View\View.php(227): CodeIgniter\View\View->CodeIgniter\View\{closure}()
 4 SYSTEMPATH\Common.php(1173): CodeIgniter\View\View->render('auth/profil', [], true)
 5 APPPATH\Controllers\AuthController.php(137): view('auth/profil', [...])
 6 SYSTEMPATH\CodeIgniter.php(933): App\Controllers\AuthController->profil()
 7 SYSTEMPATH\CodeIgniter.php(507): CodeIgniter\CodeIgniter->runController(Object(App\Controllers\AuthController))
 8 SYSTEMPATH\CodeIgniter.php(354): CodeIgniter\CodeIgniter->handleRequest(null, Object(Config\Cache), false)
 9 SYSTEMPATH\Boot.php(334): CodeIgniter\CodeIgniter->run()
10 SYSTEMPATH\Boot.php(67): CodeIgniter\Boot::runCodeIgniter(Object(CodeIgniter\CodeIgniter))
11 FCPATH\index.php(62): CodeIgniter\Boot::bootWeb(Object(Config\Paths))
12 SYSTEMPATH\rewrite.php(44): require_once('C:\\laragonnew\\www\\minuts-meeting\\public\\index.php')
DEBUG - 2025-06-19 04:21:40 --> Session: Class initialized using 'CodeIgniter\Session\Handlers\FileHandler' driver.
DEBUG - 2025-06-19 04:21:55 --> Session: Class initialized using 'CodeIgniter\Session\Handlers\FileHandler' driver.
DEBUG - 2025-06-19 04:24:24 --> Session: Class initialized using 'CodeIgniter\Session\Handlers\FileHandler' driver.
CRITICAL - 2025-06-19 04:24:24 --> ErrorException: Undefined array key "foto"
[Method: GET, Route: akun]
in APPPATH\Views\auth\profil.php on line 27.
 1 APPPATH\Views\auth\profil.php(27): CodeIgniter\Debug\Exceptions->errorHandler(2, 'Undefined array key "foto"', 'C:\\laragonnew\\www\\minuts-meeting\\app\\Views\\auth\\profil.php', 27)
 2 SYSTEMPATH\View\View.php(224): include('C:\\laragonnew\\www\\minuts-meeting\\app\\Views\\auth\\profil.php')
 3 SYSTEMPATH\View\View.php(227): CodeIgniter\View\View->CodeIgniter\View\{closure}()
 4 SYSTEMPATH\Common.php(1173): CodeIgniter\View\View->render('auth/profil', [], true)
 5 APPPATH\Controllers\AuthController.php(137): view('auth/profil', [...])
 6 SYSTEMPATH\CodeIgniter.php(933): App\Controllers\AuthController->profil()
 7 SYSTEMPATH\CodeIgniter.php(507): CodeIgniter\CodeIgniter->runController(Object(App\Controllers\AuthController))
 8 SYSTEMPATH\CodeIgniter.php(354): CodeIgniter\CodeIgniter->handleRequest(null, Object(Config\Cache), false)
 9 SYSTEMPATH\Boot.php(334): CodeIgniter\CodeIgniter->run()
10 SYSTEMPATH\Boot.php(67): CodeIgniter\Boot::runCodeIgniter(Object(CodeIgniter\CodeIgniter))
11 FCPATH\index.php(62): CodeIgniter\Boot::bootWeb(Object(Config\Paths))
12 SYSTEMPATH\rewrite.php(44): require_once('C:\\laragonnew\\www\\minuts-meeting\\public\\index.php')
DEBUG - 2025-06-19 04:25:22 --> Session: Class initialized using 'CodeIgniter\Session\Handlers\FileHandler' driver.
DEBUG - 2025-06-19 04:33:26 --> Session: Class initialized using 'CodeIgniter\Session\Handlers\FileHandler' driver.
DEBUG - 2025-06-19 04:34:01 --> Session: Class initialized using 'CodeIgniter\Session\Handlers\FileHandler' driver.
DEBUG - 2025-06-19 04:36:38 --> Session: Class initialized using 'CodeIgniter\Session\Handlers\FileHandler' driver.
DEBUG - 2025-06-19 04:37:13 --> Session: Class initialized using 'CodeIgniter\Session\Handlers\FileHandler' driver.
DEBUG - 2025-06-19 04:40:36 --> Session: Class initialized using 'CodeIgniter\Session\Handlers\FileHandler' driver.
DEBUG - 2025-06-19 04:42:05 --> Session: Class initialized using 'CodeIgniter\Session\Handlers\FileHandler' driver.
DEBUG - 2025-06-19 04:42:20 --> Session: Class initialized using 'CodeIgniter\Session\Handlers\FileHandler' driver.
DEBUG - 2025-06-19 04:47:40 --> Session: Class initialized using 'CodeIgniter\Session\Handlers\FileHandler' driver.
DEBUG - 2025-06-19 04:47:58 --> Session: Class initialized using 'CodeIgniter\Session\Handlers\FileHandler' driver.
CRITICAL - 2025-06-19 04:47:58 --> ErrorException: Undefined variable $user
[Method: GET, Route: auth/google-callback]
in APPPATH\Controllers\AuthController.php on line 115.
 1 APPPATH\Controllers\AuthController.php(115): CodeIgniter\Debug\Exceptions->errorHandler(2, 'Undefined variable $user', 'C:\\laragonnew\\www\\minuts-meeting\\app\\Controllers\\AuthController.php', 115)
 2 SYSTEMPATH\CodeIgniter.php(933): App\Controllers\AuthController->googleCallback()
 3 SYSTEMPATH\CodeIgniter.php(507): CodeIgniter\CodeIgniter->runController(Object(App\Controllers\AuthController))
 4 SYSTEMPATH\CodeIgniter.php(354): CodeIgniter\CodeIgniter->handleRequest(null, Object(Config\Cache), false)
 5 SYSTEMPATH\Boot.php(334): CodeIgniter\CodeIgniter->run()
 6 SYSTEMPATH\Boot.php(67): CodeIgniter\Boot::runCodeIgniter(Object(CodeIgniter\CodeIgniter))
 7 FCPATH\index.php(62): CodeIgniter\Boot::bootWeb(Object(Config\Paths))
 8 SYSTEMPATH\rewrite.php(44): require_once('C:\\laragonnew\\www\\minuts-meeting\\public\\index.php')
DEBUG - 2025-06-19 04:52:13 --> Session: Class initialized using 'CodeIgniter\Session\Handlers\FileHandler' driver.
DEBUG - 2025-06-19 04:52:17 --> Session: Class initialized using 'CodeIgniter\Session\Handlers\FileHandler' driver.
DEBUG - 2025-06-19 05:34:30 --> Session: Class initialized using 'CodeIgniter\Session\Handlers\FileHandler' driver.
DEBUG - 2025-06-19 05:41:56 --> Session: Class initialized using 'CodeIgniter\Session\Handlers\FileHandler' driver.
DEBUG - 2025-06-19 05:42:02 --> Session: Class initialized using 'CodeIgniter\Session\Handlers\FileHandler' driver.
DEBUG - 2025-06-19 05:44:56 --> Session: Class initialized using 'CodeIgniter\Session\Handlers\FileHandler' driver.
DEBUG - 2025-06-19 05:50:38 --> Session: Class initialized using 'CodeIgniter\Session\Handlers\FileHandler' driver.
DEBUG - 2025-06-19 05:51:12 --> Session: Class initialized using 'CodeIgniter\Session\Handlers\FileHandler' driver.
DEBUG - 2025-06-19 06:39:49 --> Session: Class initialized using 'CodeIgniter\Session\Handlers\FileHandler' driver.
DEBUG - 2025-06-19 06:58:08 --> Session: Class initialized using 'CodeIgniter\Session\Handlers\FileHandler' driver.
DEBUG - 2025-06-19 07:04:50 --> Session: Class initialized using 'CodeIgniter\Session\Handlers\FileHandler' driver.
DEBUG - 2025-06-19 07:09:12 --> Session: Class initialized using 'CodeIgniter\Session\Handlers\FileHandler' driver.
DEBUG - 2025-06-19 07:12:32 --> Session: Class initialized using 'CodeIgniter\Session\Handlers\FileHandler' driver.
DEBUG - 2025-06-19 07:12:35 --> Session: Class initialized using 'CodeIgniter\Session\Handlers\FileHandler' driver.
CRITICAL - 2025-06-19 07:23:52 --> ErrorException: Undefined array key "date"
[Method: GET, Route: partials/meeting-content]
in APPPATH\Views\partials\meeting-content.php on line 18.
 1 APPPATH\Views\partials\meeting-content.php(18): CodeIgniter\Debug\Exceptions->errorHandler(2, 'Undefined array key "date"', 'C:\\laragonnew\\www\\minuts-meeting\\app\\Views\\partials\\meeting-content.php', 18)
 2 SYSTEMPATH\View\View.php(224): include('C:\\laragonnew\\www\\minuts-meeting\\app\\Views\\partials\\meeting-content.php')
 3 SYSTEMPATH\View\View.php(227): CodeIgniter\View\View->CodeIgniter\View\{closure}()
 4 SYSTEMPATH\Common.php(1173): CodeIgniter\View\View->render('partials/meeting-content', [], true)
 5 APPPATH\Controllers\MeetingController.php(20): view('partials/meeting-content', [...])
 6 SYSTEMPATH\CodeIgniter.php(933): App\Controllers\MeetingController->index()
 7 SYSTEMPATH\CodeIgniter.php(507): CodeIgniter\CodeIgniter->runController(Object(App\Controllers\MeetingController))
 8 SYSTEMPATH\CodeIgniter.php(354): CodeIgniter\CodeIgniter->handleRequest(null, Object(Config\Cache), false)
 9 SYSTEMPATH\Boot.php(334): CodeIgniter\CodeIgniter->run()
10 SYSTEMPATH\Boot.php(67): CodeIgniter\Boot::runCodeIgniter(Object(CodeIgniter\CodeIgniter))
11 FCPATH\index.php(62): CodeIgniter\Boot::bootWeb(Object(Config\Paths))
12 SYSTEMPATH\rewrite.php(44): require_once('C:\\laragonnew\\www\\minuts-meeting\\public\\index.php')
CRITICAL - 2025-06-19 07:23:54 --> ErrorException: Undefined array key "date"
[Method: GET, Route: partials/meeting-content]
in APPPATH\Views\partials\meeting-content.php on line 18.
 1 APPPATH\Views\partials\meeting-content.php(18): CodeIgniter\Debug\Exceptions->errorHandler(2, 'Undefined array key "date"', 'C:\\laragonnew\\www\\minuts-meeting\\app\\Views\\partials\\meeting-content.php', 18)
 2 SYSTEMPATH\View\View.php(224): include('C:\\laragonnew\\www\\minuts-meeting\\app\\Views\\partials\\meeting-content.php')
 3 SYSTEMPATH\View\View.php(227): CodeIgniter\View\View->CodeIgniter\View\{closure}()
 4 SYSTEMPATH\Common.php(1173): CodeIgniter\View\View->render('partials/meeting-content', [], true)
 5 APPPATH\Controllers\MeetingController.php(20): view('partials/meeting-content', [...])
 6 SYSTEMPATH\CodeIgniter.php(933): App\Controllers\MeetingController->index()
 7 SYSTEMPATH\CodeIgniter.php(507): CodeIgniter\CodeIgniter->runController(Object(App\Controllers\MeetingController))
 8 SYSTEMPATH\CodeIgniter.php(354): CodeIgniter\CodeIgniter->handleRequest(null, Object(Config\Cache), false)
 9 SYSTEMPATH\Boot.php(334): CodeIgniter\CodeIgniter->run()
10 SYSTEMPATH\Boot.php(67): CodeIgniter\Boot::runCodeIgniter(Object(CodeIgniter\CodeIgniter))
11 FCPATH\index.php(62): CodeIgniter\Boot::bootWeb(Object(Config\Paths))
12 SYSTEMPATH\rewrite.php(44): require_once('C:\\laragonnew\\www\\minuts-meeting\\public\\index.php')
CRITICAL - 2025-06-19 07:26:50 --> ErrorException: Undefined array key "date"
[Method: GET, Route: partials/meeting-content]
in APPPATH\Views\partials\meeting-content.php on line 18.
 1 APPPATH\Views\partials\meeting-content.php(18): CodeIgniter\Debug\Exceptions->errorHandler(2, 'Undefined array key "date"', 'C:\\laragonnew\\www\\minuts-meeting\\app\\Views\\partials\\meeting-content.php', 18)
 2 SYSTEMPATH\View\View.php(224): include('C:\\laragonnew\\www\\minuts-meeting\\app\\Views\\partials\\meeting-content.php')
 3 SYSTEMPATH\View\View.php(227): CodeIgniter\View\View->CodeIgniter\View\{closure}()
 4 SYSTEMPATH\Common.php(1173): CodeIgniter\View\View->render('partials/meeting-content', [], true)
 5 APPPATH\Controllers\MeetingController.php(20): view('partials/meeting-content', [...])
 6 SYSTEMPATH\CodeIgniter.php(933): App\Controllers\MeetingController->index()
 7 SYSTEMPATH\CodeIgniter.php(507): CodeIgniter\CodeIgniter->runController(Object(App\Controllers\MeetingController))
 8 SYSTEMPATH\CodeIgniter.php(354): CodeIgniter\CodeIgniter->handleRequest(null, Object(Config\Cache), false)
 9 SYSTEMPATH\Boot.php(334): CodeIgniter\CodeIgniter->run()
10 SYSTEMPATH\Boot.php(67): CodeIgniter\Boot::runCodeIgniter(Object(CodeIgniter\CodeIgniter))
11 FCPATH\index.php(62): CodeIgniter\Boot::bootWeb(Object(Config\Paths))
12 SYSTEMPATH\rewrite.php(44): require_once('C:\\laragonnew\\www\\minuts-meeting\\public\\index.php')
CRITICAL - 2025-06-19 07:28:35 --> ErrorException: Undefined array key "date"
[Method: GET, Route: partials/meeting-content]
in APPPATH\Views\partials\meeting-content.php on line 18.
 1 APPPATH\Views\partials\meeting-content.php(18): CodeIgniter\Debug\Exceptions->errorHandler(2, 'Undefined array key "date"', 'C:\\laragonnew\\www\\minuts-meeting\\app\\Views\\partials\\meeting-content.php', 18)
 2 SYSTEMPATH\View\View.php(224): include('C:\\laragonnew\\www\\minuts-meeting\\app\\Views\\partials\\meeting-content.php')
 3 SYSTEMPATH\View\View.php(227): CodeIgniter\View\View->CodeIgniter\View\{closure}()
 4 SYSTEMPATH\Common.php(1173): CodeIgniter\View\View->render('partials/meeting-content', [], true)
 5 APPPATH\Controllers\MeetingController.php(20): view('partials/meeting-content', [...])
 6 SYSTEMPATH\CodeIgniter.php(933): App\Controllers\MeetingController->index()
 7 SYSTEMPATH\CodeIgniter.php(507): CodeIgniter\CodeIgniter->runController(Object(App\Controllers\MeetingController))
 8 SYSTEMPATH\CodeIgniter.php(354): CodeIgniter\CodeIgniter->handleRequest(null, Object(Config\Cache), false)
 9 SYSTEMPATH\Boot.php(334): CodeIgniter\CodeIgniter->run()
10 SYSTEMPATH\Boot.php(67): CodeIgniter\Boot::runCodeIgniter(Object(CodeIgniter\CodeIgniter))
11 FCPATH\index.php(62): CodeIgniter\Boot::bootWeb(Object(Config\Paths))
12 SYSTEMPATH\rewrite.php(44): require_once('C:\\laragonnew\\www\\minuts-meeting\\public\\index.php')
CRITICAL - 2025-06-19 07:28:37 --> ErrorException: Undefined array key "date"
[Method: GET, Route: partials/meeting-content]
in APPPATH\Views\partials\meeting-content.php on line 18.
 1 APPPATH\Views\partials\meeting-content.php(18): CodeIgniter\Debug\Exceptions->errorHandler(2, 'Undefined array key "date"', 'C:\\laragonnew\\www\\minuts-meeting\\app\\Views\\partials\\meeting-content.php', 18)
 2 SYSTEMPATH\View\View.php(224): include('C:\\laragonnew\\www\\minuts-meeting\\app\\Views\\partials\\meeting-content.php')
 3 SYSTEMPATH\View\View.php(227): CodeIgniter\View\View->CodeIgniter\View\{closure}()
 4 SYSTEMPATH\Common.php(1173): CodeIgniter\View\View->render('partials/meeting-content', [], true)
 5 APPPATH\Controllers\MeetingController.php(20): view('partials/meeting-content', [...])
 6 SYSTEMPATH\CodeIgniter.php(933): App\Controllers\MeetingController->index()
 7 SYSTEMPATH\CodeIgniter.php(507): CodeIgniter\CodeIgniter->runController(Object(App\Controllers\MeetingController))
 8 SYSTEMPATH\CodeIgniter.php(354): CodeIgniter\CodeIgniter->handleRequest(null, Object(Config\Cache), false)
 9 SYSTEMPATH\Boot.php(334): CodeIgniter\CodeIgniter->run()
10 SYSTEMPATH\Boot.php(67): CodeIgniter\Boot::runCodeIgniter(Object(CodeIgniter\CodeIgniter))
11 FCPATH\index.php(62): CodeIgniter\Boot::bootWeb(Object(Config\Paths))
12 SYSTEMPATH\rewrite.php(44): require_once('C:\\laragonnew\\www\\minuts-meeting\\public\\index.php')
CRITICAL - 2025-06-19 07:28:41 --> ErrorException: Undefined array key "date"
[Method: GET, Route: partials/meeting-content]
in APPPATH\Views\partials\meeting-content.php on line 18.
 1 APPPATH\Views\partials\meeting-content.php(18): CodeIgniter\Debug\Exceptions->errorHandler(2, 'Undefined array key "date"', 'C:\\laragonnew\\www\\minuts-meeting\\app\\Views\\partials\\meeting-content.php', 18)
 2 SYSTEMPATH\View\View.php(224): include('C:\\laragonnew\\www\\minuts-meeting\\app\\Views\\partials\\meeting-content.php')
 3 SYSTEMPATH\View\View.php(227): CodeIgniter\View\View->CodeIgniter\View\{closure}()
 4 SYSTEMPATH\Common.php(1173): CodeIgniter\View\View->render('partials/meeting-content', [], true)
 5 APPPATH\Controllers\MeetingController.php(20): view('partials/meeting-content', [...])
 6 SYSTEMPATH\CodeIgniter.php(933): App\Controllers\MeetingController->index()
 7 SYSTEMPATH\CodeIgniter.php(507): CodeIgniter\CodeIgniter->runController(Object(App\Controllers\MeetingController))
 8 SYSTEMPATH\CodeIgniter.php(354): CodeIgniter\CodeIgniter->handleRequest(null, Object(Config\Cache), false)
 9 SYSTEMPATH\Boot.php(334): CodeIgniter\CodeIgniter->run()
10 SYSTEMPATH\Boot.php(67): CodeIgniter\Boot::runCodeIgniter(Object(CodeIgniter\CodeIgniter))
11 FCPATH\index.php(62): CodeIgniter\Boot::bootWeb(Object(Config\Paths))
12 SYSTEMPATH\rewrite.php(44): require_once('C:\\laragonnew\\www\\minuts-meeting\\public\\index.php')
CRITICAL - 2025-06-19 07:29:50 --> ErrorException: Undefined array key "date"
[Method: GET, Route: partials/meeting-content]
in APPPATH\Views\partials\meeting-content.php on line 18.
 1 APPPATH\Views\partials\meeting-content.php(18): CodeIgniter\Debug\Exceptions->errorHandler(2, 'Undefined array key "date"', 'C:\\laragonnew\\www\\minuts-meeting\\app\\Views\\partials\\meeting-content.php', 18)
 2 SYSTEMPATH\View\View.php(224): include('C:\\laragonnew\\www\\minuts-meeting\\app\\Views\\partials\\meeting-content.php')
 3 SYSTEMPATH\View\View.php(227): CodeIgniter\View\View->CodeIgniter\View\{closure}()
 4 SYSTEMPATH\Common.php(1173): CodeIgniter\View\View->render('partials/meeting-content', [], true)
 5 APPPATH\Controllers\MeetingController.php(20): view('partials/meeting-content', [...])
 6 SYSTEMPATH\CodeIgniter.php(933): App\Controllers\MeetingController->index()
 7 SYSTEMPATH\CodeIgniter.php(507): CodeIgniter\CodeIgniter->runController(Object(App\Controllers\MeetingController))
 8 SYSTEMPATH\CodeIgniter.php(354): CodeIgniter\CodeIgniter->handleRequest(null, Object(Config\Cache), false)
 9 SYSTEMPATH\Boot.php(334): CodeIgniter\CodeIgniter->run()
10 SYSTEMPATH\Boot.php(67): CodeIgniter\Boot::runCodeIgniter(Object(CodeIgniter\CodeIgniter))
11 FCPATH\index.php(62): CodeIgniter\Boot::bootWeb(Object(Config\Paths))
12 SYSTEMPATH\rewrite.php(44): require_once('C:\\laragonnew\\www\\minuts-meeting\\public\\index.php')
CRITICAL - 2025-06-19 07:29:51 --> ErrorException: Undefined array key "date"
[Method: GET, Route: partials/meeting-content]
in APPPATH\Views\partials\meeting-content.php on line 18.
 1 APPPATH\Views\partials\meeting-content.php(18): CodeIgniter\Debug\Exceptions->errorHandler(2, 'Undefined array key "date"', 'C:\\laragonnew\\www\\minuts-meeting\\app\\Views\\partials\\meeting-content.php', 18)
 2 SYSTEMPATH\View\View.php(224): include('C:\\laragonnew\\www\\minuts-meeting\\app\\Views\\partials\\meeting-content.php')
 3 SYSTEMPATH\View\View.php(227): CodeIgniter\View\View->CodeIgniter\View\{closure}()
 4 SYSTEMPATH\Common.php(1173): CodeIgniter\View\View->render('partials/meeting-content', [], true)
 5 APPPATH\Controllers\MeetingController.php(20): view('partials/meeting-content', [...])
 6 SYSTEMPATH\CodeIgniter.php(933): App\Controllers\MeetingController->index()
 7 SYSTEMPATH\CodeIgniter.php(507): CodeIgniter\CodeIgniter->runController(Object(App\Controllers\MeetingController))
 8 SYSTEMPATH\CodeIgniter.php(354): CodeIgniter\CodeIgniter->handleRequest(null, Object(Config\Cache), false)
 9 SYSTEMPATH\Boot.php(334): CodeIgniter\CodeIgniter->run()
10 SYSTEMPATH\Boot.php(67): CodeIgniter\Boot::runCodeIgniter(Object(CodeIgniter\CodeIgniter))
11 FCPATH\index.php(62): CodeIgniter\Boot::bootWeb(Object(Config\Paths))
12 SYSTEMPATH\rewrite.php(44): require_once('C:\\laragonnew\\www\\minuts-meeting\\public\\index.php')
CRITICAL - 2025-06-19 07:33:45 --> ErrorException: Undefined array key "date"
[Method: GET, Route: partials/meeting-content]
in APPPATH\Views\partials\meeting-content.php on line 18.
 1 APPPATH\Views\partials\meeting-content.php(18): CodeIgniter\Debug\Exceptions->errorHandler(2, 'Undefined array key "date"', 'C:\\laragonnew\\www\\minuts-meeting\\app\\Views\\partials\\meeting-content.php', 18)
 2 SYSTEMPATH\View\View.php(224): include('C:\\laragonnew\\www\\minuts-meeting\\app\\Views\\partials\\meeting-content.php')
 3 SYSTEMPATH\View\View.php(227): CodeIgniter\View\View->CodeIgniter\View\{closure}()
 4 SYSTEMPATH\Common.php(1173): CodeIgniter\View\View->render('partials/meeting-content', [], true)
 5 APPPATH\Controllers\MeetingController.php(20): view('partials/meeting-content', [...])
 6 SYSTEMPATH\CodeIgniter.php(933): App\Controllers\MeetingController->index()
 7 SYSTEMPATH\CodeIgniter.php(507): CodeIgniter\CodeIgniter->runController(Object(App\Controllers\MeetingController))
 8 SYSTEMPATH\CodeIgniter.php(354): CodeIgniter\CodeIgniter->handleRequest(null, Object(Config\Cache), false)
 9 SYSTEMPATH\Boot.php(334): CodeIgniter\CodeIgniter->run()
10 SYSTEMPATH\Boot.php(67): CodeIgniter\Boot::runCodeIgniter(Object(CodeIgniter\CodeIgniter))
11 FCPATH\index.php(62): CodeIgniter\Boot::bootWeb(Object(Config\Paths))
12 SYSTEMPATH\rewrite.php(44): require_once('C:\\laragonnew\\www\\minuts-meeting\\public\\index.php')
CRITICAL - 2025-06-19 07:35:08 --> ErrorException: Undefined array key "date"
[Method: GET, Route: partials/meeting-content]
in APPPATH\Views\partials\meeting-content.php on line 18.
 1 APPPATH\Views\partials\meeting-content.php(18): CodeIgniter\Debug\Exceptions->errorHandler(2, 'Undefined array key "date"', 'C:\\laragonnew\\www\\minuts-meeting\\app\\Views\\partials\\meeting-content.php', 18)
 2 SYSTEMPATH\View\View.php(224): include('C:\\laragonnew\\www\\minuts-meeting\\app\\Views\\partials\\meeting-content.php')
 3 SYSTEMPATH\View\View.php(227): CodeIgniter\View\View->CodeIgniter\View\{closure}()
 4 SYSTEMPATH\Common.php(1173): CodeIgniter\View\View->render('partials/meeting-content', [], true)
 5 APPPATH\Controllers\MeetingController.php(20): view('partials/meeting-content', [...])
 6 SYSTEMPATH\CodeIgniter.php(933): App\Controllers\MeetingController->index()
 7 SYSTEMPATH\CodeIgniter.php(507): CodeIgniter\CodeIgniter->runController(Object(App\Controllers\MeetingController))
 8 SYSTEMPATH\CodeIgniter.php(354): CodeIgniter\CodeIgniter->handleRequest(null, Object(Config\Cache), false)
 9 SYSTEMPATH\Boot.php(334): CodeIgniter\CodeIgniter->run()
10 SYSTEMPATH\Boot.php(67): CodeIgniter\Boot::runCodeIgniter(Object(CodeIgniter\CodeIgniter))
11 FCPATH\index.php(62): CodeIgniter\Boot::bootWeb(Object(Config\Paths))
12 SYSTEMPATH\rewrite.php(44): require_once('C:\\laragonnew\\www\\minuts-meeting\\public\\index.php')
CRITICAL - 2025-06-19 07:36:08 --> ErrorException: Undefined array key "title"
[Method: GET, Route: partials/meeting-content]
in APPPATH\Views\partials\meeting-content.php on line 26.
 1 APPPATH\Views\partials\meeting-content.php(26): CodeIgniter\Debug\Exceptions->errorHandler(2, 'Undefined array key "title"', 'C:\\laragonnew\\www\\minuts-meeting\\app\\Views\\partials\\meeting-content.php', 26)
 2 SYSTEMPATH\View\View.php(224): include('C:\\laragonnew\\www\\minuts-meeting\\app\\Views\\partials\\meeting-content.php')
 3 SYSTEMPATH\View\View.php(227): CodeIgniter\View\View->CodeIgniter\View\{closure}()
 4 SYSTEMPATH\Common.php(1173): CodeIgniter\View\View->render('partials/meeting-content', [], true)
 5 APPPATH\Controllers\MeetingController.php(20): view('partials/meeting-content', [...])
 6 SYSTEMPATH\CodeIgniter.php(933): App\Controllers\MeetingController->index()
 7 SYSTEMPATH\CodeIgniter.php(507): CodeIgniter\CodeIgniter->runController(Object(App\Controllers\MeetingController))
 8 SYSTEMPATH\CodeIgniter.php(354): CodeIgniter\CodeIgniter->handleRequest(null, Object(Config\Cache), false)
 9 SYSTEMPATH\Boot.php(334): CodeIgniter\CodeIgniter->run()
10 SYSTEMPATH\Boot.php(67): CodeIgniter\Boot::runCodeIgniter(Object(CodeIgniter\CodeIgniter))
11 FCPATH\index.php(62): CodeIgniter\Boot::bootWeb(Object(Config\Paths))
12 SYSTEMPATH\rewrite.php(44): require_once('C:\\laragonnew\\www\\minuts-meeting\\public\\index.php')
CRITICAL - 2025-06-19 07:37:16 --> ErrorException: Undefined array key "nama meeting"
[Method: GET, Route: partials/meeting-content]
in APPPATH\Views\partials\meeting-content.php on line 26.
 1 APPPATH\Views\partials\meeting-content.php(26): CodeIgniter\Debug\Exceptions->errorHandler(2, 'Undefined array key "nama meeting"', 'C:\\laragonnew\\www\\minuts-meeting\\app\\Views\\partials\\meeting-content.php', 26)
 2 SYSTEMPATH\View\View.php(224): include('C:\\laragonnew\\www\\minuts-meeting\\app\\Views\\partials\\meeting-content.php')
 3 SYSTEMPATH\View\View.php(227): CodeIgniter\View\View->CodeIgniter\View\{closure}()
 4 SYSTEMPATH\Common.php(1173): CodeIgniter\View\View->render('partials/meeting-content', [], true)
 5 APPPATH\Controllers\MeetingController.php(20): view('partials/meeting-content', [...])
 6 SYSTEMPATH\CodeIgniter.php(933): App\Controllers\MeetingController->index()
 7 SYSTEMPATH\CodeIgniter.php(507): CodeIgniter\CodeIgniter->runController(Object(App\Controllers\MeetingController))
 8 SYSTEMPATH\CodeIgniter.php(354): CodeIgniter\CodeIgniter->handleRequest(null, Object(Config\Cache), false)
 9 SYSTEMPATH\Boot.php(334): CodeIgniter\CodeIgniter->run()
10 SYSTEMPATH\Boot.php(67): CodeIgniter\Boot::runCodeIgniter(Object(CodeIgniter\CodeIgniter))
11 FCPATH\index.php(62): CodeIgniter\Boot::bootWeb(Object(Config\Paths))
12 SYSTEMPATH\rewrite.php(44): require_once('C:\\laragonnew\\www\\minuts-meeting\\public\\index.php')
CRITICAL - 2025-06-19 07:37:27 --> ErrorException: Undefined array key "nama meeting"
[Method: GET, Route: partials/meeting-content]
in APPPATH\Views\partials\meeting-content.php on line 26.
 1 APPPATH\Views\partials\meeting-content.php(26): CodeIgniter\Debug\Exceptions->errorHandler(2, 'Undefined array key "nama meeting"', 'C:\\laragonnew\\www\\minuts-meeting\\app\\Views\\partials\\meeting-content.php', 26)
 2 SYSTEMPATH\View\View.php(224): include('C:\\laragonnew\\www\\minuts-meeting\\app\\Views\\partials\\meeting-content.php')
 3 SYSTEMPATH\View\View.php(227): CodeIgniter\View\View->CodeIgniter\View\{closure}()
 4 SYSTEMPATH\Common.php(1173): CodeIgniter\View\View->render('partials/meeting-content', [], true)
 5 APPPATH\Controllers\MeetingController.php(20): view('partials/meeting-content', [...])
 6 SYSTEMPATH\CodeIgniter.php(933): App\Controllers\MeetingController->index()
 7 SYSTEMPATH\CodeIgniter.php(507): CodeIgniter\CodeIgniter->runController(Object(App\Controllers\MeetingController))
 8 SYSTEMPATH\CodeIgniter.php(354): CodeIgniter\CodeIgniter->handleRequest(null, Object(Config\Cache), false)
 9 SYSTEMPATH\Boot.php(334): CodeIgniter\CodeIgniter->run()
10 SYSTEMPATH\Boot.php(67): CodeIgniter\Boot::runCodeIgniter(Object(CodeIgniter\CodeIgniter))
11 FCPATH\index.php(62): CodeIgniter\Boot::bootWeb(Object(Config\Paths))
12 SYSTEMPATH\rewrite.php(44): require_once('C:\\laragonnew\\www\\minuts-meeting\\public\\index.php')
DEBUG - 2025-06-19 08:11:25 --> Session: Class initialized using 'CodeIgniter\Session\Handlers\FileHandler' driver.
